\BOOKMARK [0][-]{chapter.1}{\376\377\000R\000e\000q\000u\000i\000r\000e\000m\000e\000n\000t\000,\000\040\000S\000p\000e\000c\000i\000f\000i\000c\000a\000t\000i\000o\000n\000s\000,\000\040\000a\000n\000d\000\040\000I\000m\000p\000l\000e\000m\000e\000n\000t\000a\000t\000i\000o\000n\000s}{}% 1
\BOOKMARK [0][-]{chapter.2}{\376\377\000L\000o\000g\000i\000c\000a\000l\000\040\000S\000p\000e\000c\000i\000f\000i\000c\000a\000t\000i\000o\000n\000s\000,\000\040\000I\000m\000p\000e\000r\000a\000t\000i\000v\000e\000\040\000I\000m\000p\000l\000e\000m\000e\000n\000t\000a\000t\000i\000o\000n\000s}{}% 2
\BOOKMARK [1][-]{section.2.1}{\376\377\000I\000m\000p\000e\000r\000a\000t\000i\000v\000e\000\040\000L\000a\000n\000g\000u\000a\000g\000e\000s\000\040\000f\000o\000r\000\040\000I\000m\000p\000l\000e\000m\000e\000n\000t\000a\000t\000i\000o\000n\000s}{chapter.2}% 3
\BOOKMARK [1][-]{section.2.2}{\376\377\000D\000e\000c\000l\000a\000r\000a\000t\000i\000v\000e\000\040\000L\000a\000n\000g\000u\000a\000g\000e\000s\000\040\000f\000o\000r\000\040\000S\000p\000e\000c\000i\000f\000i\000c\000a\000t\000i\000o\000n\000s}{chapter.2}% 4
\BOOKMARK [1][-]{section.2.3}{\376\377\000R\000e\000f\000i\000n\000i\000n\000g\000\040\000D\000e\000c\000l\000a\000r\000a\000t\000i\000v\000e\000\040\000S\000p\000e\000c\000i\000f\000i\000c\000a\000t\000i\000o\000n\000s\000\040\000i\000n\000t\000o\000\040\000I\000m\000p\000e\000r\000a\000t\000i\000v\000e\000\040\000I\000m\000p\000l\000e\000m\000e\000n\000t\000a\000t\000i\000o\000n\000s}{chapter.2}% 5
\BOOKMARK [1][-]{section.2.4}{\376\377\000W\000h\000y\000\040\000N\000o\000t\000\040\000a\000\040\000S\000i\000n\000g\000l\000e\000\040\000L\000a\000n\000g\000u\000a\000g\000e\000\040\000f\000o\000r\000\040\000P\000r\000o\000g\000r\000a\000m\000m\000i\000n\000g\000\040\000a\000n\000d\000\040\000S\000p\000e\000c\000i\000f\000i\000c\000a\000t\000i\000o\000n\000?}{chapter.2}% 6
\BOOKMARK [0][-]{chapter.3}{\376\377\000P\000r\000o\000b\000l\000e\000m\000s\000\040\000w\000i\000t\000h\000\040\000I\000m\000p\000e\000r\000a\000t\000i\000v\000e\000\040\000C\000o\000d\000e}{}% 7
\BOOKMARK [0][-]{chapter.4}{\376\377\000P\000u\000r\000e\000\040\000F\000u\000n\000c\000t\000i\000o\000n\000a\000l\000\040\000P\000r\000o\000g\000r\000a\000m\000m\000i\000n\000g\000\040\000a\000s\000\040\000R\000u\000n\000n\000a\000b\000l\000e\000\040\000M\000a\000t\000h\000e\000m\000a\000t\000i\000c\000s}{}% 8
\BOOKMARK [1][-]{section.4.1}{\376\377\000T\000h\000e\000\040\000i\000d\000e\000n\000t\000i\000f\000y\000\040\000f\000u\000n\000c\000t\000i\000o\000n\000\040\000\050\000f\000o\000r\000\040\000i\000n\000t\000e\000g\000e\000r\000s\000\051}{chapter.4}% 9
\BOOKMARK [1][-]{section.4.2}{\376\377\000D\000a\000t\000a\000\040\000a\000n\000d\000\040\000f\000u\000n\000c\000t\000i\000o\000n\000\040\000t\000y\000p\000e\000s}{chapter.4}% 10
\BOOKMARK [1][-]{section.4.3}{\376\377\000O\000t\000h\000e\000r\000\040\000f\000u\000n\000c\000t\000i\000o\000n\000\040\000v\000a\000l\000u\000e\000s\000\040\000o\000f\000\040\000t\000h\000e\000\040\000s\000a\000m\000e\000\040\000t\000y\000p\000e}{chapter.4}% 11
\BOOKMARK [1][-]{section.4.4}{\376\377\000D\000a\000f\000n\000y\000\040\000i\000s\000\040\000a\000\040\000P\000r\000o\000g\000r\000a\000m\000\040\000V\000e\000r\000i\000f\000i\000e\000r}{chapter.4}% 12
\BOOKMARK [0][-]{chapter.5}{\376\377\000F\000o\000r\000m\000a\000l\000\040\000V\000e\000r\000i\000f\000i\000c\000a\000t\000i\000o\000n\000\040\000o\000f\000\040\000I\000m\000p\000e\000r\000a\000t\000i\000v\000e\000\040\000P\000r\000o\000g\000r\000a\000m\000s}{}% 13
\BOOKMARK [1][-]{section.5.1}{\376\377\000P\000e\000r\000f\000o\000r\000m\000a\000n\000c\000e\000\040\000v\000s\000.\000\040\000U\000n\000d\000e\000r\000s\000t\000a\000n\000d\000a\000b\000i\000l\000i\000t\000y}{chapter.5}% 14
\BOOKMARK [1][-]{section.5.2}{\376\377\000S\000p\000e\000c\000i\000f\000i\000c\000a\000t\000i\000o\000n\000,\000\040\000I\000m\000p\000l\000e\000m\000e\000n\000t\000a\000t\000i\000o\000n\000,\000\040\000a\000n\000d\000\040\000V\000e\000r\000i\000f\000i\000c\000a\000t\000i\000o\000n}{chapter.5}% 15
\BOOKMARK [1][-]{section.5.3}{\376\377\000D\000e\000c\000l\000a\000r\000a\000t\000i\000v\000e\000\040\000I\000n\000p\000u\000t\000-\000O\000u\000t\000p\000u\000t\000\040\000S\000p\000e\000c\000i\000f\000i\000c\000a\000t\000i\000o\000n\000s}{chapter.5}% 16
\BOOKMARK [2][-]{subsection.5.3.1}{\376\377\000I\000n\000p\000u\000t\000-\000O\000u\000t\000p\000u\000t\000\040\000R\000e\000l\000a\000t\000i\000o\000n\000s}{section.5.3}% 17
\BOOKMARK [2][-]{subsection.5.3.2}{\376\377\000R\000e\000l\000a\000t\000i\000o\000n\000s\000\040\000a\000n\000d\000\040\000F\000u\000n\000c\000t\000i\000o\000n\000s}{section.5.3}% 18
\BOOKMARK [2][-]{subsection.5.3.3}{\376\377\000T\000o\000t\000a\000l\000\040\000a\000n\000d\000\040\000P\000a\000r\000t\000i\000a\000l\000\040\000F\000u\000n\000c\000t\000i\000o\000n\000s}{section.5.3}% 19
\BOOKMARK [2][-]{subsection.5.3.4}{\376\377\000T\000u\000r\000n\000i\000n\000g\000\040\000P\000a\000r\000t\000i\000a\000l\000\040\000F\000u\000n\000c\000t\000i\000o\000n\000s\000\040\000i\000n\000t\000o\000\040\000T\000o\000t\000a\000l\000\040\000F\000u\000n\000c\000t\000i\000o\000n\000s}{section.5.3}% 20
\BOOKMARK [1][-]{section.5.4}{\376\377\000I\000m\000p\000e\000r\000a\000t\000i\000v\000e\000\040\000I\000m\000p\000l\000e\000m\000e\000n\000t\000a\000t\000i\000o\000n}{chapter.5}% 21
\BOOKMARK [1][-]{section.5.5}{\376\377\000F\000o\000r\000m\000a\000l\000\040\000V\000e\000r\000i\000f\000i\000c\000a\000t\000i\000o\000n}{chapter.5}% 22
\BOOKMARK [1][-]{section.5.6}{\376\377\000C\000a\000s\000e\000\040\000S\000t\000u\000d\000y\000:\000\040\000T\000h\000e\000\040\000F\000a\000c\000t\000o\000r\000i\000a\000l\000\040\000F\000u\000n\000c\000t\000i\000o\000n}{chapter.5}% 23
\BOOKMARK [2][-]{subsection.5.6.1}{\376\377\000A\000\040\000B\000u\000g\000g\000y\000\040\000I\000m\000p\000l\000e\000m\000e\000n\000t\000a\000t\000i\000o\000n}{section.5.6}% 24
\BOOKMARK [2][-]{subsection.5.6.2}{\376\377\000S\000p\000e\000c\000i\000f\000i\000c\000a\000t\000i\000o\000n\000s\000\040\000E\000s\000t\000a\000b\000l\000i\000s\000h\000\040\000C\000o\000r\000r\000e\000c\000t\000n\000e\000s\000s\000\040\000C\000r\000i\000t\000e\000r\000i\000a}{section.5.6}% 25
\BOOKMARK [2][-]{subsection.5.6.3}{\376\377\000A\000\040\000V\000e\000r\000i\000f\000i\000e\000d\000\040\000I\000m\000p\000l\000e\000m\000e\000n\000t\000a\000t\000i\000o\000n\000\040\000o\000f\000\040\000t\000h\000e\000\040\000F\000a\000c\000t\000o\000r\000i\000a\000l\000\040\000F\000u\000n\000c\000t\000i\000o\000n}{section.5.6}% 26
\BOOKMARK [1][-]{section.5.7}{\376\377\000C\000a\000s\000e\000\040\000S\000t\000u\000d\000y\000:\000\040\000T\000h\000e\000\040\000F\000i\000b\000o\000n\000a\000c\000c\000i\000\040\000F\000u\000n\000c\000t\000i\000o\000n}{chapter.5}% 27
\BOOKMARK [1][-]{section.5.8}{\376\377\000W\000h\000a\000t\000\040\000i\000s\000\040\000D\000a\000f\000n\000y\000,\000\040\000A\000g\000a\000i\000n\000?}{chapter.5}% 28
\BOOKMARK [0][-]{chapter.6}{\376\377\000D\000a\000f\000n\000y\000\040\000L\000a\000n\000g\000u\000a\000g\000e\000:\000\040\000T\000y\000p\000e\000s\000,\000\040\000S\000t\000a\000t\000e\000m\000e\000n\000t\000s\000,\000\040\000E\000x\000p\000r\000e\000s\000s\000i\000o\000n\000s}{}% 29
\BOOKMARK [1][-]{section.6.1}{\376\377\000B\000u\000i\000l\000t\000-\000I\000n\000\040\000T\000y\000p\000e\000s}{chapter.6}% 30
\BOOKMARK [2][-]{subsection.6.1.1}{\376\377\000B\000o\000o\000l\000e\000a\000n\000s}{section.6.1}% 31
\BOOKMARK [2][-]{subsection.6.1.2}{\376\377\000N\000u\000m\000b\000e\000r\000s}{section.6.1}% 32
\BOOKMARK [2][-]{subsection.6.1.3}{\376\377\000C\000h\000a\000r\000a\000c\000t\000e\000r\000s}{section.6.1}% 33
\BOOKMARK [2][-]{subsection.6.1.4}{\376\377\000S\000e\000t\000s}{section.6.1}% 34
\BOOKMARK [2][-]{subsection.6.1.5}{\376\377\000S\000e\000q\000u\000e\000n\000c\000e\000s}{section.6.1}% 35
\BOOKMARK [2][-]{subsection.6.1.6}{\376\377\000S\000t\000r\000i\000n\000g\000s}{section.6.1}% 36
\BOOKMARK [2][-]{subsection.6.1.7}{\376\377\000M\000a\000p\000s\000\040\000\050\000P\000a\000r\000t\000i\000a\000l\000\040\000F\000u\000n\000c\000t\000i\000o\000n\000s\000\051}{section.6.1}% 37
\BOOKMARK [2][-]{subsection.6.1.8}{\376\377\000A\000r\000r\000a\000y\000s}{section.6.1}% 38
\BOOKMARK [1][-]{section.6.2}{\376\377\000S\000t\000a\000t\000e\000m\000e\000n\000t\000s}{chapter.6}% 39
\BOOKMARK [2][-]{subsection.6.2.1}{\376\377\000B\000l\000o\000c\000k}{section.6.2}% 40
\BOOKMARK [2][-]{subsection.6.2.2}{\376\377\000B\000r\000e\000a\000k}{section.6.2}% 41
\BOOKMARK [2][-]{subsection.6.2.3}{\376\377\000U\000p\000d\000a\000t\000e\000\040\000\050\000A\000s\000s\000i\000g\000n\000m\000e\000n\000t\000\051}{section.6.2}% 42
\BOOKMARK [2][-]{subsection.6.2.4}{\376\377\000V\000a\000r\000\040\000\050\000v\000a\000r\000i\000a\000b\000l\000e\000\040\000d\000e\000c\000l\000a\000r\000a\000t\000i\000o\000n\000\051}{section.6.2}% 43
\BOOKMARK [2][-]{subsection.6.2.5}{\376\377\000I\000f\000\040\000\050\000c\000o\000n\000d\000i\000t\000i\000o\000n\000a\000l\000\051}{section.6.2}% 44
\BOOKMARK [2][-]{subsection.6.2.6}{\376\377\000W\000h\000i\000l\000e\000\040\000\050\000i\000t\000e\000r\000a\000t\000i\000o\000n\000\051}{section.6.2}% 45
\BOOKMARK [2][-]{subsection.6.2.7}{\376\377\000A\000s\000s\000e\000r\000t\000\040\000\050\000a\000s\000s\000e\000r\000t\000\040\000a\000\040\000p\000r\000o\000p\000o\000s\000i\000t\000i\000o\000n\000\040\000a\000b\000o\000u\000t\000\040\000t\000h\000e\000\040\000s\000t\000a\000t\000e\000\040\000o\000f\000\040\000t\000h\000e\000\040\000p\000r\000o\000g\000r\000a\000m\000\051}{section.6.2}% 46
\BOOKMARK [2][-]{subsection.6.2.8}{\376\377\000P\000r\000i\000n\000t\000\040\000\050\000p\000r\000o\000d\000u\000c\000e\000\040\000o\000u\000t\000p\000u\000t\000\040\000o\000n\000\040\000c\000o\000n\000s\000o\000l\000e\000\051}{section.6.2}% 47
\BOOKMARK [2][-]{subsection.6.2.9}{\376\377\000R\000e\000t\000u\000r\000n}{section.6.2}% 48
\BOOKMARK [1][-]{section.6.3}{\376\377\000E\000x\000p\000r\000e\000s\000s\000i\000o\000n\000s}{chapter.6}% 49
\BOOKMARK [2][-]{subsection.6.3.1}{\376\377\000L\000i\000t\000e\000r\000a\000l\000s\000\040\000E\000x\000p\000r\000e\000s\000s\000i\000o\000n\000s}{section.6.3}% 50
\BOOKMARK [2][-]{subsection.6.3.2}{\376\377\000I\000f\000\040\000\050\000C\000o\000n\000d\000i\000t\000i\000o\000n\000a\000l\000\051\000\040\000E\000x\000p\000r\000e\000s\000s\000i\000o\000n\000s}{section.6.3}% 51
\BOOKMARK [2][-]{subsection.6.3.3}{\376\377\000C\000o\000n\000j\000u\000n\000c\000t\000i\000o\000n\000\040\000a\000n\000d\000\040\000D\000i\000s\000j\000u\000n\000c\000t\000i\000o\000n\000\040\000E\000x\000p\000r\000e\000s\000s\000i\000o\000n\000s}{section.6.3}% 52
\BOOKMARK [2][-]{subsection.6.3.4}{\376\377\000S\000e\000q\000u\000e\000n\000c\000e\000,\000\040\000S\000e\000t\000,\000\040\000M\000u\000l\000t\000i\000s\000e\000t\000,\000\040\000a\000n\000d\000\040\000M\000a\000p\000\040\000E\000x\000p\000r\000e\000s\000s\000i\000o\000n\000s}{section.6.3}% 53
\BOOKMARK [2][-]{subsection.6.3.5}{\376\377\000R\000e\000l\000a\000t\000i\000o\000n\000a\000l\000\040\000E\000x\000p\000r\000e\000s\000s\000i\000o\000n\000s}{section.6.3}% 54
\BOOKMARK [2][-]{subsection.6.3.6}{\376\377\000A\000r\000r\000a\000y\000\040\000A\000l\000l\000o\000c\000a\000t\000i\000o\000n\000\040\000E\000x\000p\000r\000e\000s\000s\000i\000o\000n\000s}{section.6.3}% 55
\BOOKMARK [2][-]{subsection.6.3.7}{\376\377\000O\000l\000d\000\040\000E\000x\000p\000r\000e\000s\000s\000i\000o\000n\000s}{section.6.3}% 56
\BOOKMARK [2][-]{subsection.6.3.8}{\376\377\000C\000a\000r\000d\000i\000n\000a\000l\000i\000t\000y\000\040\000E\000x\000p\000r\000e\000s\000s\000i\000o\000n\000s}{section.6.3}% 57
\BOOKMARK [2][-]{subsection.6.3.9}{\376\377\000L\000e\000t\000\040\000E\000x\000p\000r\000e\000s\000s\000i\000o\000n\000s}{section.6.3}% 58
\BOOKMARK [0][-]{chapter.7}{\376\377\000S\000e\000t\000\040\000T\000h\000e\000o\000r\000y}{}% 59
\BOOKMARK [1][-]{section.7.1}{\376\377\000N\000a\000i\000v\000e\000\040\000S\000e\000t\000\040\000T\000h\000e\000o\000r\000y}{chapter.7}% 60
\BOOKMARK [1][-]{section.7.2}{\376\377\000O\000v\000e\000r\000l\000y\000\040\000N\000a\000i\000v\000e\000\040\000S\000e\000t\000\040\000T\000h\000e\000o\000r\000y}{chapter.7}% 61
\BOOKMARK [1][-]{section.7.3}{\376\377\000S\000e\000t\000s}{chapter.7}% 62
\BOOKMARK [1][-]{section.7.4}{\376\377\000S\000e\000t\000\040\000T\000h\000e\000o\000r\000y\000\040\000N\000o\000t\000a\000t\000i\000o\000n\000s}{chapter.7}% 63
\BOOKMARK [2][-]{subsection.7.4.1}{\376\377\000D\000i\000s\000p\000l\000a\000y\000\040\000n\000o\000t\000a\000t\000i\000o\000n}{section.7.4}% 64
\BOOKMARK [2][-]{subsection.7.4.2}{\376\377\000S\000e\000t\000\040\000c\000o\000m\000p\000r\000e\000h\000e\000n\000s\000i\000o\000n\000\040\000n\000o\000t\000a\000t\000i\000o\000n}{section.7.4}% 65
\BOOKMARK [1][-]{section.7.5}{\376\377\000S\000e\000t\000\040\000O\000p\000e\000r\000a\000t\000i\000o\000n\000s}{chapter.7}% 66
\BOOKMARK [2][-]{subsection.7.5.1}{\376\377\000C\000a\000r\000d\000i\000n\000a\000l\000i\000t\000y}{section.7.5}% 67
\BOOKMARK [2][-]{subsection.7.5.2}{\376\377\000E\000q\000u\000a\000l\000i\000t\000y}{section.7.5}% 68
\BOOKMARK [2][-]{subsection.7.5.3}{\376\377\000S\000u\000b\000s\000e\000t}{section.7.5}% 69
\BOOKMARK [2][-]{subsection.7.5.4}{\376\377\000I\000n\000t\000e\000r\000s\000e\000c\000t\000i\000o\000n}{section.7.5}% 70
\BOOKMARK [2][-]{subsection.7.5.5}{\376\377\000U\000n\000i\000o\000n}{section.7.5}% 71
\BOOKMARK [2][-]{subsection.7.5.6}{\376\377\000D\000i\000f\000f\000e\000r\000e\000n\000c\000e}{section.7.5}% 72
\BOOKMARK [2][-]{subsection.7.5.7}{\376\377\000P\000r\000o\000d\000u\000c\000t\000\040\000S\000e\000t}{section.7.5}% 73
\BOOKMARK [2][-]{subsection.7.5.8}{\376\377\000P\000o\000w\000e\000r\000\040\000S\000e\000t}{section.7.5}% 74
\BOOKMARK [1][-]{section.7.6}{\376\377\000T\000u\000p\000l\000e\000s}{chapter.7}% 75
\BOOKMARK [0][-]{chapter.8}{\376\377\000R\000e\000l\000a\000t\000i\000o\000n\000s}{}% 76
\BOOKMARK [1][-]{section.8.1}{\376\377\000B\000i\000n\000a\000r\000y\000\040\000R\000e\000l\000a\000t\000i\000o\000n\000s}{chapter.8}% 77
\BOOKMARK [1][-]{section.8.2}{\376\377\000M\000e\000t\000h\000o\000d\000s\000\040\000f\000o\000r\000\040\000A\000p\000p\000l\000y\000i\000n\000g\000\040\000R\000e\000l\000a\000t\000i\000o\000n\000s}{chapter.8}% 78
\BOOKMARK [1][-]{section.8.3}{\376\377\000I\000n\000v\000e\000r\000s\000e\000\040\000o\000f\000\040\000a\000\040\000B\000i\000n\000a\000r\000y\000\040\000R\000e\000l\000a\000t\000i\000o\000n}{chapter.8}% 79
\BOOKMARK [1][-]{section.8.4}{\376\377\000F\000u\000n\000c\000t\000i\000o\000n\000s\000:\000\040\000S\000i\000n\000g\000l\000e\000-\000V\000a\000l\000u\000e\000d\000\040\000R\000e\000l\000a\000t\000i\000o\000n\000s}{chapter.8}% 80
\BOOKMARK [1][-]{section.8.5}{\376\377\000P\000r\000o\000p\000e\000r\000t\000i\000e\000s\000\040\000o\000f\000\040\000F\000u\000n\000c\000t\000i\000o\000n\000s}{chapter.8}% 81
\BOOKMARK [2][-]{subsection.8.5.1}{\376\377\000T\000o\000t\000a\000l\000\040\000v\000s\000\040\000P\000a\000r\000t\000i\000a\000l}{section.8.5}% 82
\BOOKMARK [2][-]{subsection.8.5.2}{\376\377\000I\000n\000j\000e\000c\000t\000i\000v\000e}{section.8.5}% 83
\BOOKMARK [2][-]{subsection.8.5.3}{\376\377\000S\000u\000r\000j\000e\000c\000t\000i\000v\000e}{section.8.5}% 84
\BOOKMARK [2][-]{subsection.8.5.4}{\376\377\000B\000i\000j\000e\000c\000t\000i\000v\000e}{section.8.5}% 85
\BOOKMARK [1][-]{section.8.6}{\376\377\000P\000r\000o\000p\000e\000r\000t\000i\000e\000s\000\040\000o\000f\000\040\000R\000e\000l\000a\000t\000i\000o\000n\000s}{chapter.8}% 86
\BOOKMARK [2][-]{subsection.8.6.1}{\376\377\000R\000e\000f\000l\000e\000x\000i\000v\000e}{section.8.6}% 87
\BOOKMARK [2][-]{subsection.8.6.2}{\376\377\000S\000y\000m\000m\000e\000t\000r\000i\000c}{section.8.6}% 88
\BOOKMARK [2][-]{subsection.8.6.3}{\376\377\000T\000r\000a\000n\000s\000i\000t\000i\000v\000e}{section.8.6}% 89
\BOOKMARK [2][-]{subsection.8.6.4}{\376\377\000E\000q\000u\000i\000v\000a\000l\000e\000n\000c\000e}{section.8.6}% 90
\BOOKMARK [1][-]{section.8.7}{\376\377\000B\000a\000s\000i\000c\000\040\000O\000r\000d\000e\000r\000\040\000T\000h\000e\000o\000r\000y}{chapter.8}% 91
\BOOKMARK [2][-]{subsection.8.7.1}{\376\377\000P\000r\000e\000o\000r\000d\000e\000r}{section.8.7}% 92
\BOOKMARK [2][-]{subsection.8.7.2}{\376\377\000P\000a\000r\000t\000i\000a\000l\000\040\000O\000r\000d\000e\000r}{section.8.7}% 93
\BOOKMARK [2][-]{subsection.8.7.3}{\376\377\000T\000o\000t\000a\000l\000\040\000O\000r\000d\000e\000r}{section.8.7}% 94
\BOOKMARK [1][-]{section.8.8}{\376\377\000A\000d\000d\000i\000t\000i\000o\000n\000a\000l\000\040\000P\000r\000o\000p\000e\000r\000t\000i\000e\000s\000\040\000o\000f\000\040\000R\000e\000l\000a\000t\000i\000o\000n\000s}{chapter.8}% 95
\BOOKMARK [2][-]{subsection.8.8.1}{\376\377\000T\000o\000t\000a\000l\000\040\000R\000e\000l\000a\000t\000i\000o\000n}{section.8.8}% 96
\BOOKMARK [2][-]{subsection.8.8.2}{\376\377\000I\000r\000r\000e\000f\000l\000e\000x\000i\000v\000e}{section.8.8}% 97
\BOOKMARK [2][-]{subsection.8.8.3}{\376\377\000A\000n\000t\000i\000s\000y\000m\000m\000e\000t\000r\000i\000c}{section.8.8}% 98
\BOOKMARK [2][-]{subsection.8.8.4}{\376\377\000A\000s\000y\000m\000m\000e\000t\000r\000i\000c}{section.8.8}% 99
\BOOKMARK [2][-]{subsection.8.8.5}{\376\377\000Q\000u\000a\000s\000i\000-\000r\000e\000f\000l\000e\000x\000i\000v\000e}{section.8.8}% 100
\BOOKMARK [2][-]{subsection.8.8.6}{\376\377\000C\000o\000-\000r\000e\000f\000l\000e\000x\000i\000v\000e}{section.8.8}% 101
\BOOKMARK [1][-]{section.8.9}{\376\377\000M\000o\000r\000e\000\040\000A\000d\000v\000a\000n\000c\000e\000d\000\040\000O\000r\000d\000e\000r\000\040\000T\000h\000e\000o\000r\000y\000\040\000C\000o\000n\000c\000e\000p\000t\000s}{chapter.8}% 102
\BOOKMARK [2][-]{subsection.8.9.1}{\376\377\000T\000o\000t\000a\000l\000\040\000P\000r\000e\000o\000r\000d\000e\000r}{section.8.9}% 103
\BOOKMARK [2][-]{subsection.8.9.2}{\376\377\000S\000t\000r\000i\000c\000t\000\040\000P\000a\000r\000t\000i\000a\000l\000\040\000O\000r\000d\000e\000r}{section.8.9}% 104
\BOOKMARK [2][-]{subsection.8.9.3}{\376\377\000Q\000u\000a\000s\000i\000-\000o\000r\000d\000e\000r}{section.8.9}% 105
\BOOKMARK [2][-]{subsection.8.9.4}{\376\377\000W\000e\000a\000k\000\040\000O\000r\000d\000e\000r\000i\000n\000g}{section.8.9}% 106
\BOOKMARK [2][-]{subsection.8.9.5}{\376\377\000W\000e\000l\000l\000-\000F\000o\000u\000n\000d\000e\000d}{section.8.9}% 107
\BOOKMARK [1][-]{section.8.10}{\376\377\000O\000t\000h\000e\000r\000\040\000P\000r\000o\000p\000e\000r\000t\000i\000e\000s\000\040\000o\000f\000\040\000R\000e\000l\000a\000t\000i\000o\000n\000s}{chapter.8}% 108
\BOOKMARK [2][-]{subsection.8.10.1}{\376\377\000D\000e\000p\000e\000n\000d\000e\000n\000c\000e\000\040\000R\000e\000l\000a\000t\000i\000o\000n}{section.8.10}% 109
\BOOKMARK [2][-]{subsection.8.10.2}{\376\377\000I\000n\000d\000e\000p\000e\000n\000d\000e\000n\000c\000y\000\040\000R\000e\000l\000a\000t\000i\000o\000n}{section.8.10}% 110
\BOOKMARK [2][-]{subsection.8.10.3}{\376\377\000T\000r\000i\000c\000h\000o\000t\000o\000m\000o\000u\000s}{section.8.10}% 111
\BOOKMARK [2][-]{subsection.8.10.4}{\376\377\000R\000i\000g\000h\000t\000\040\000E\000u\000c\000l\000i\000d\000e\000a\000n}{section.8.10}% 112
\BOOKMARK [2][-]{subsection.8.10.5}{\376\377\000L\000e\000f\000t\000\040\000E\000u\000c\000l\000i\000d\000e\000a\000n}{section.8.10}% 113
\BOOKMARK [2][-]{subsection.8.10.6}{\376\377\000E\000u\000c\000l\000i\000d\000e\000a\000n}{section.8.10}% 114
\BOOKMARK [1][-]{section.8.11}{\376\377\000C\000o\000m\000p\000o\000s\000i\000t\000i\000o\000n\000\040\000o\000f\000\040\000R\000e\000l\000a\000t\000i\000o\000n\000s}{chapter.8}% 115
\BOOKMARK [1][-]{section.8.12}{\376\377\000C\000l\000o\000s\000u\000r\000e\000\040\000O\000p\000e\000r\000a\000t\000i\000o\000n\000s}{chapter.8}% 116
\BOOKMARK [2][-]{subsection.8.12.1}{\376\377\000R\000e\000f\000l\000e\000x\000i\000v\000e\000\040\000C\000l\000o\000s\000u\000r\000e}{section.8.12}% 117
\BOOKMARK [2][-]{subsection.8.12.2}{\376\377\000S\000y\000m\000m\000e\000t\000r\000i\000c\000\040\000C\000l\000o\000s\000u\000r\000e}{section.8.12}% 118
\BOOKMARK [2][-]{subsection.8.12.3}{\376\377\000T\000r\000a\000n\000s\000i\000t\000i\000v\000e\000\040\000C\000l\000o\000s\000u\000r\000e}{section.8.12}% 119
\BOOKMARK [2][-]{subsection.8.12.4}{\376\377\000R\000e\000f\000l\000e\000x\000i\000v\000e\000\040\000T\000r\000a\000n\000s\000i\000t\000i\000v\000e\000\040\000C\000l\000o\000s\000u\000r\000e}{section.8.12}% 120
\BOOKMARK [2][-]{subsection.8.12.5}{\376\377\000R\000e\000f\000l\000e\000x\000i\000v\000e\000\040\000T\000r\000a\000n\000s\000i\000t\000i\000v\000e\000\040\000S\000y\000m\000m\000e\000t\000r\000i\000c\000\040\000c\000l\000o\000s\000u\000r\000e}{section.8.12}% 121
\BOOKMARK [1][-]{section.8.13}{\376\377\000R\000e\000d\000u\000c\000t\000i\000o\000n\000s}{chapter.8}% 122
\BOOKMARK [2][-]{subsection.8.13.1}{\376\377\000R\000e\000f\000l\000e\000x\000i\000v\000e\000\040\000R\000e\000d\000u\000c\000t\000i\000o\000n}{section.8.13}% 123
\BOOKMARK [2][-]{subsection.8.13.2}{\376\377\000T\000r\000a\000n\000s\000i\000t\000i\000v\000e\000\040\000R\000e\000d\000u\000c\000t\000i\000o\000n}{section.8.13}% 124
\BOOKMARK [1][-]{section.8.14}{\376\377\000D\000o\000m\000a\000i\000n\000\040\000a\000n\000d\000\040\000R\000a\000n\000g\000e\000\040\000R\000e\000s\000t\000r\000i\000c\000t\000i\000o\000n}{chapter.8}% 125
\BOOKMARK [1][-]{section.8.15}{\376\377\000S\000e\000q\000u\000e\000n\000c\000e\000s}{chapter.8}% 126
\BOOKMARK [1][-]{section.8.16}{\376\377\000M\000a\000p\000s}{chapter.8}% 127
\BOOKMARK [0][-]{chapter.9}{\376\377\000B\000o\000o\000l\000e\000a\000n\000\040\000A\000l\000g\000e\000b\000r\000a}{}% 128
\BOOKMARK [1][-]{section.9.1}{\376\377\000B\000o\000o\000l\000e\000a\000n\000\040\000A\000l\000g\000e\000b\000r\000a\000\040\000i\000n\000\040\000D\000a\000f\000n\000y}{chapter.9}% 129
\BOOKMARK [1][-]{section.9.2}{\376\377\000B\000o\000o\000l\000e\000a\000n\000\040\000V\000a\000l\000u\000e\000s}{chapter.9}% 130
\BOOKMARK [1][-]{section.9.3}{\376\377\000B\000o\000o\000l\000e\000a\000n\000\040\000O\000p\000e\000r\000a\000t\000o\000r\000s}{chapter.9}% 131
\BOOKMARK [2][-]{subsection.9.3.1}{\376\377\000N\000u\000l\000l\000a\000r\000y\000,\000\040\000U\000n\000a\000r\000y\000,\000\040\000B\000i\000n\000a\000r\000y\000,\000\040\000a\000n\000d\000\040\000n\000-\000A\000r\000y\000\040\000O\000p\000e\000r\000a\000t\000o\000r\000s}{section.9.3}% 132
\BOOKMARK [2][-]{subsection.9.3.2}{\376\377\000T\000h\000e\000\040\000U\000n\000a\000r\000y\000\040\000O\000p\000e\000r\000a\000t\000o\000r\000s\000\040\000o\000f\000\040\000B\000o\000o\000l\000e\000a\000n\000\040\000A\000l\000g\000e\000b\000r\000a}{section.9.3}% 133
\BOOKMARK [2][-]{subsection.9.3.3}{\376\377\000B\000i\000n\000a\000r\000y\000\040\000B\000o\000o\000l\000e\000a\000n\000\040\000O\000p\000e\000r\000a\000t\000o\000r\000s}{section.9.3}% 134
\BOOKMARK [2][-]{subsection.9.3.4}{\376\377\000A\000\040\000T\000e\000r\000n\000a\000r\000y\000\040\000B\000i\000n\000a\000r\000y\000\040\000O\000p\000e\000r\000a\000t\000o\000r}{section.9.3}% 135
\BOOKMARK [0][-]{chapter.10}{\376\377\000F\000o\000r\000m\000a\000l\000\040\000L\000a\000n\000g\000u\000a\000g\000e\000s}{}% 136
\BOOKMARK [1][-]{section.10.1}{\376\377\000B\000o\000o\000l\000e\000a\000n\000\040\000A\000l\000g\000e\000b\000r\000a\000\040\000R\000e\000v\000i\000s\000i\000t\000e\000d}{chapter.10}% 137
\BOOKMARK [1][-]{section.10.2}{\376\377\000A\000\040\000V\000e\000r\000y\000\040\000S\000i\000m\000p\000l\000e\000\040\000L\000a\000n\000g\000u\000a\000g\000e\000\040\000o\000f\000\040\000B\000o\000o\000l\000e\000a\000n\000\040\000E\000x\000p\000r\000e\000s\000s\000i\000o\000n\000s}{chapter.10}% 138
\BOOKMARK [2][-]{subsection.10.2.1}{\376\377\000S\000y\000n\000t\000a\000x\000:\000\040\000I\000n\000d\000u\000c\000t\000i\000v\000e\000\040\000D\000a\000t\000a\000\040\000T\000y\000p\000e\000\040\000D\000e\000f\000i\000n\000i\000t\000i\000o\000n\000s}{section.10.2}% 139
\BOOKMARK [2][-]{subsection.10.2.2}{\376\377\000S\000e\000m\000a\000n\000t\000i\000c\000s\000:\000\040\000P\000a\000t\000t\000e\000r\000n\000\040\000M\000a\000t\000c\000h\000i\000n\000g\000\040\000o\000n\000\040\000T\000e\000r\000m\000s}{section.10.2}% 140
\BOOKMARK [1][-]{section.10.3}{\376\377\000E\000x\000t\000e\000n\000d\000i\000n\000g\000\040\000t\000h\000e\000\040\000L\000a\000n\000g\000u\000a\000g\000e\000\040\000w\000i\000t\000h\000\040\000B\000o\000o\000l\000e\000a\000n\000\040\000C\000o\000n\000n\000e\000c\000t\000i\000v\000e\000s}{chapter.10}% 141
\BOOKMARK [2][-]{subsection.10.3.1}{\376\377\000I\000n\000d\000u\000c\000t\000i\000v\000e\000\040\000D\000e\000f\000i\000n\000i\000t\000i\000o\000n\000s\000:\000\040\000B\000u\000i\000l\000d\000i\000n\000g\000\040\000B\000i\000g\000g\000e\000r\000\040\000E\000x\000p\000r\000e\000s\000s\000i\000o\000n\000s\000\040\000f\000r\000o\000m\000\040\000S\000m\000a\000l\000l\000e\000r\000\040\000O\000n\000e\000s}{section.10.3}% 142
\BOOKMARK [2][-]{subsection.10.3.2}{\376\377\000S\000t\000r\000u\000c\000t\000u\000r\000a\000l\000\040\000R\000e\000c\000u\000r\000s\000i\000o\000n\000:\000\040\000T\000h\000e\000\040\000M\000e\000a\000n\000i\000n\000g\000s\000\040\000o\000f\000\040\000W\000h\000o\000l\000e\000s\000\040\000f\000r\000o\000m\000\040\000t\000h\000e\000\040\000M\000e\000a\000n\000i\000n\000g\000s\000\040\000o\000f\000\040\000P\000a\000r\000t\000s}{section.10.3}% 143
\BOOKMARK [1][-]{section.10.4}{\376\377\000F\000o\000r\000m\000a\000l\000\040\000L\000a\000n\000g\000u\000a\000g\000e\000s}{chapter.10}% 144
\BOOKMARK [0][-]{chapter.11}{\376\377\000P\000r\000o\000p\000o\000s\000i\000t\000i\000o\000n\000a\000l\000\040\000L\000o\000g\000i\000c}{}% 145
\BOOKMARK [1][-]{section.11.1}{\376\377\000P\000r\000o\000p\000o\000s\000i\000t\000i\000o\000n\000a\000l\000\040\000a\000n\000d\000\040\000P\000r\000e\000d\000i\000c\000a\000t\000e\000\040\000L\000o\000g\000i\000c}{chapter.11}% 146
\BOOKMARK [1][-]{section.11.2}{\376\377\000W\000h\000a\000t\000\040\000i\000s\000\040\000a\000\040\000L\000o\000g\000i\000c\000?}{chapter.11}% 147
\BOOKMARK [1][-]{section.11.3}{\376\377\000P\000r\000o\000p\000o\000s\000i\000t\000i\000o\000n\000a\000l\000\040\000L\000o\000g\000i\000c}{chapter.11}% 148
\BOOKMARK [1][-]{section.11.4}{\376\377\000S\000y\000n\000t\000a\000x}{chapter.11}% 149
\BOOKMARK [1][-]{section.11.5}{\376\377\000S\000e\000m\000a\000n\000t\000i\000c\000s\000\040\000o\000f\000\040\000P\000r\000o\000p\000o\000s\000i\000t\000i\000o\000n\000a\000l\000\040\000L\000o\000g\000i\000c}{chapter.11}% 150
\BOOKMARK [1][-]{section.11.6}{\376\377\000I\000n\000f\000e\000r\000e\000n\000c\000e\000\040\000R\000u\000l\000e\000s\000\040\000f\000o\000r\000\040\000P\000r\000o\000p\000o\000s\000i\000t\000i\000o\000n\000a\000l\000\040\000L\000o\000g\000i\000c}{chapter.11}% 151
\BOOKMARK [1][-]{section.11.7}{\376\377\000U\000s\000i\000n\000g\000\040\000L\000o\000g\000i\000c\000\040\000i\000n\000\040\000P\000r\000a\000c\000t\000i\000c\000e}{chapter.11}% 152
\BOOKMARK [1][-]{section.11.8}{\376\377\000I\000m\000p\000l\000e\000m\000e\000n\000t\000i\000n\000g\000\040\000P\000r\000o\000p\000o\000s\000i\000t\000i\000o\000n\000a\000l\000\040\000L\000o\000g\000i\000c}{chapter.11}% 153
\BOOKMARK [2][-]{subsection.11.8.1}{\376\377\000S\000y\000n\000t\000a\000x}{section.11.8}% 154
\BOOKMARK [2][-]{subsection.11.8.2}{\376\377\000I\000n\000t\000e\000r\000p\000r\000e\000t\000a\000t\000i\000o\000n}{section.11.8}% 155
\BOOKMARK [2][-]{subsection.11.8.3}{\376\377\000S\000e\000m\000a\000n\000t\000i\000c\000s}{section.11.8}% 156
\BOOKMARK [2][-]{subsection.11.8.4}{\376\377\000M\000o\000d\000e\000l\000s}{section.11.8}% 157
\BOOKMARK [0][-]{chapter.12}{\376\377\0001\0002\000.\000\040\000S\000a\000t\000i\000s\000f\000i\000a\000b\000i\000l\000i\000t\000y}{}% 158
\BOOKMARK [1][-]{section.12.1}{\376\377\000I\000n\000t\000e\000r\000p\000r\000e\000t\000a\000t\000i\000o\000n\000s\000\040\000f\000o\000r\000\040\000a\000\040\000P\000r\000o\000p\000o\000s\000i\000t\000i\000o\000n}{chapter.12}% 159
\BOOKMARK [1][-]{section.12.2}{\376\377\000I\000n\000t\000e\000r\000p\000r\000e\000t\000a\000t\000i\000o\000n\000s\000\040\000f\000o\000r\000\040\000a\000\040\000S\000e\000q\000u\000e\000n\000c\000e\000\040\000o\000f\000\040\000P\000r\000o\000p\000o\000s\000i\000t\000i\000o\000n\000s}{chapter.12}% 160
\BOOKMARK [1][-]{section.12.3}{\376\377\000T\000h\000e\000\040\000A\000l\000l\000-\000F\000a\000l\000s\000e\000\040\000I\000n\000t\000e\000r\000p\000e\000t\000a\000t\000i\000o\000n}{chapter.12}% 161
\BOOKMARK [1][-]{section.12.4}{\376\377\000H\000u\000H\000?\000?\000?}{chapter.12}% 162
\BOOKMARK [1][-]{section.12.5}{\376\377\000I\000n\000c\000r\000e\000m\000e\000n\000t\000\040\000I\000n\000t\000e\000r\000p\000r\000e\000t\000a\000t\000i\000o\000n}{chapter.12}% 163
\BOOKMARK [1][-]{section.12.6}{\376\377\000P\000r\000i\000n\000t\000\040\000T\000r\000u\000t\000h\000\040\000T\000a\000b\000l\000e\000\040\000f\000o\000r\000\040\000a\000\040\000P\000r\000o\000p\000o\000s\000i\000t\000i\000o\000n\000a\000l\000\040\000L\000o\000g\000i\000c\000\040\000P\000r\000o\000p\000o\000s\000i\000t\000i\000o\000n}{chapter.12}% 164
\BOOKMARK [1][-]{section.12.7}{\376\377\000U\000t\000i\000l\000i\000t\000y\000\040\000R\000o\000u\000t\000i\000n\000e}{chapter.12}% 165
\BOOKMARK [2][-]{subsection.12.7.1}{\376\377\000M\000o\000d\000e\000l\000s}{section.12.7}% 166
\BOOKMARK [2][-]{subsection.12.7.2}{\376\377\000S\000a\000t\000i\000s\000f\000i\000a\000b\000i\000l\000i\000t\000y\000,\000\040\000U\000n\000s\000a\000t\000i\000s\000f\000i\000a\000b\000i\000l\000i\000t\000y\000,\000\040\000V\000a\000l\000i\000d\000i\000t\000y}{section.12.7}% 167
\BOOKMARK [0][-]{chapter.13}{\376\377\000N\000a\000t\000u\000r\000a\000l\000\040\000D\000e\000d\000u\000c\000t\000i\000o\000n}{}% 168
\BOOKMARK [1][-]{section.13.1}{\376\377\000A\000r\000i\000s\000t\000o\000t\000l\000e\040\031\000s\000\040\000L\000o\000g\000i\000c}{chapter.13}% 169
\BOOKMARK [2][-]{subsection.13.1.1}{\376\377\000S\000y\000l\000l\000o\000g\000i\000s\000m}{section.13.1}% 170
\BOOKMARK [2][-]{subsection.13.1.2}{\376\377\000M\000o\000d\000u\000s\000\040\000P\000o\000n\000e\000n\000s}{section.13.1}% 171
\BOOKMARK [1][-]{section.13.2}{\376\377\000N\000a\000m\000e\000d\000\040\000I\000n\000f\000e\000r\000e\000n\000c\000e\000\040\000R\000u\000l\000e}{chapter.13}% 172
\BOOKMARK [1][-]{section.13.3}{\376\377\000S\000e\000m\000a\000n\000t\000i\000c\000\040\000E\000n\000t\000a\000i\000l\000m\000e\000n\000t}{chapter.13}% 173
\BOOKMARK [1][-]{section.13.4}{\376\377\000S\000y\000n\000t\000a\000c\000t\000i\000c\000\040\000E\000n\000t\000a\000i\000l\000m\000e\000n\000t\000\040\000a\000n\000d\000\040\000t\000h\000e\000\040\000R\000u\000l\000e\000s\000\040\000o\000f\000\040\000N\000a\000t\000u\000r\000a\000l\000\040\000D\000e\000d\000u\000c\000t\000i\000o\000n}{chapter.13}% 174
\BOOKMARK [2][-]{subsection.13.4.1}{\376\377\000I\000n\000f\000e\000r\000e\000n\000c\000e\000\040\000r\000u\000l\000e\000s\000\040\000g\000o\000o\000d\000\040\000f\000o\000r\000\040\000c\000l\000a\000s\000s\000i\000c\000a\000l\000\040\000a\000n\000d\000\040\000c\000o\000n\000s\000t\000r\000u\000c\000t\000i\000v\000e\000\040\000l\000o\000g\000i\000c}{section.13.4}% 175
\BOOKMARK [2][-]{subsection.13.4.2}{\376\377\000I\000n\000f\000e\000r\000e\000n\000c\000e\000\040\000R\000u\000l\000e\000s\000\040\000V\000a\000l\000i\000d\000\040\000i\000n\000\040\000C\000l\000a\000s\000s\000i\000c\000a\000l\000\040\000b\000u\000t\000\040\000N\000o\000t\000\040\000i\000n\000\040\000C\000o\000n\000s\000t\000r\000u\000c\000t\000i\000v\000e\000\040\000L\000o\000g\000i\000c}{section.13.4}% 176
\BOOKMARK [2][-]{subsection.13.4.3}{\376\377\000F\000a\000l\000l\000a\000c\000i\000o\000u\000s\000\040\000I\000n\000f\000e\000r\000e\000n\000c\000e\000\040\000R\000u\000l\000e\000s}{section.13.4}% 177
\BOOKMARK [1][-]{section.13.5}{\376\377\000A\000l\000g\000e\000b\000r\000a\000i\000c\000\040\000p\000r\000o\000p\000e\000r\000t\000i\000e\000s\000\040\000/\000\040\000i\000d\000e\000n\000t\000i\000t\000i\000e\000s}{chapter.13}% 178
\BOOKMARK [1][-]{section.13.6}{\376\377\000E\000x\000e\000r\000c\000i\000s\000e\000s}{chapter.13}% 179
\BOOKMARK [0][-]{chapter.14}{\376\377\000P\000r\000e\000d\000i\000c\000a\000t\000e\000\040\000L\000o\000g\000i\000c}{}% 180
\BOOKMARK [0][-]{chapter.15}{\376\377\000P\000r\000o\000o\000f\000s}{}% 181
\BOOKMARK [1][-]{section.15.1}{\376\377\000U\000n\000s\000c\000a\000l\000a\000b\000i\000l\000i\000t\000y\000\040\000o\000f\000\040\000S\000e\000m\000a\000n\000t\000i\000c\000\040\000E\000n\000t\000a\000i\000l\000m\000e\000n\000t}{chapter.15}% 182
\BOOKMARK [1][-]{section.15.2}{\376\377\000N\000a\000t\000u\000r\000a\000l\000\040\000D\000e\000d\000u\000c\000t\000i\000o\000n}{chapter.15}% 183
\BOOKMARK [1][-]{section.15.3}{\376\377\000F\000o\000r\000m\000s\000\040\000o\000f\000\040\000P\000r\000o\000p\000o\000s\000i\000t\000i\000o\000n\000s\000;\000\040\000F\000o\000r\000m\000s\000\040\000o\000f\000\040\000P\000r\000o\000o\000f\000s}{chapter.15}% 184
\BOOKMARK [1][-]{section.15.4}{\376\377\000I\000n\000t\000r\000o\000d\000u\000c\000t\000i\000o\000n\000\040\000a\000n\000d\000\040\000E\000l\000i\000m\000i\000n\000a\000t\000i\000o\000n\000\040\000R\000u\000l\000e\000s}{chapter.15}% 185
\BOOKMARK [1][-]{section.15.5}{\376\377\000T\000r\000u\000e\000\040\000I\000n\000t\000r\000o\000d\000u\000c\000t\000i\000o\000n}{chapter.15}% 186
\BOOKMARK [2][-]{subsection.15.5.1}{\376\377\000T\000h\000e\000\040\000p\000r\000o\000p\000o\000s\000i\000t\000i\000o\000n\000,\000\040\000f\000a\000l\000s\000e}{section.15.5}% 187
\BOOKMARK [2][-]{subsection.15.5.2}{\376\377\000P\000r\000o\000o\000f\000s\000\040\000I\000n\000v\000o\000l\000v\000i\000n\000g\000\040\000C\000o\000n\000j\000u\000n\000c\000t\000i\000o\000n\000s}{section.15.5}% 188
\BOOKMARK [2][-]{subsection.15.5.3}{\376\377\000I\000m\000p\000l\000i\000c\000a\000t\000i\000o\000n\000s}{section.15.5}% 189
\BOOKMARK [2][-]{subsection.15.5.4}{\376\377\000I\000n\000t\000e\000r\000l\000u\000d\000e\000:\000\040\000F\000u\000n\000c\000t\000i\000o\000n\000\040\000V\000a\000l\000u\000e\000s}{section.15.5}% 190
\BOOKMARK [2][-]{subsection.15.5.5}{\376\377\000R\000u\000l\000e\000s\000\040\000f\000o\000r\000\040\000I\000m\000p\000l\000i\000c\000a\000t\000i\000o\000n}{section.15.5}% 191
\BOOKMARK [1][-]{section.15.6}{\376\377\000P\000r\000o\000o\000f\000s\000\040\000I\000n\000v\000o\000l\000v\000i\000n\000g\000\040\000D\000i\000s\000j\000u\000n\000c\000t\000i\000o\000n\000s}{chapter.15}% 192
\BOOKMARK [2][-]{subsection.15.6.1}{\376\377\000O\000r\000\040\000I\000n\000t\000r\000o\000d\000u\000c\000t\000i\000o\000n}{section.15.6}% 193
\BOOKMARK [2][-]{subsection.15.6.2}{\376\377\000O\000r\000\040\000E\000l\000i\000m\000i\000n\000a\000t\000i\000o\000n}{section.15.6}% 194
\BOOKMARK [1][-]{section.15.7}{\376\377\000F\000a\000l\000s\000i\000t\000y\000\040\000a\000n\000d\000\040\000N\000e\000g\000a\000t\000i\000o\000n}{chapter.15}% 195
\BOOKMARK [2][-]{subsection.15.7.1}{\376\377\000\254\000P}{section.15.7}% 196
\BOOKMARK [2][-]{subsection.15.7.2}{\376\377\000L\000a\000w\000\040\000o\000f\000\040\000E\000x\000c\000l\000u\000d\000e\000d\000\040\000M\000i\000d\000d\000l\000e}{section.15.7}% 197
\BOOKMARK [2][-]{subsection.15.7.3}{\376\377\000P\000r\000o\000o\000f\000\040\000b\000y\000\040\000C\000o\000n\000t\000r\000a\000d\000i\000c\000t\000i\000o\000n}{section.15.7}% 198
\BOOKMARK [2][-]{subsection.15.7.4}{\376\377\000I\000m\000p\000o\000s\000s\000i\000b\000i\000l\000i\000t\000y\000\040\000o\000f\000\040\000C\000o\000n\000t\000r\000a\000d\000i\000c\000t\000i\000o\000n}{section.15.7}% 199
\BOOKMARK [2][-]{subsection.15.7.5}{\376\377\000F\000a\000l\000s\000e\000\040\000I\000n\000t\000r\000o\000d\000u\000c\000t\000i\000o\000n}{section.15.7}% 200
\BOOKMARK [2][-]{subsection.15.7.6}{\376\377\000N\000o\000t\000\040\000I\000n\000t\000r\000o\000d\000u\000c\000t\000i\000o\000n}{section.15.7}% 201
\BOOKMARK [1][-]{section.15.8}{\376\377\000B\000i\000-\000I\000m\000p\000l\000i\000c\000a\000t\000i\000o\000n\000\040\000\050\000I\000f\000f\000\051}{chapter.15}% 202
\BOOKMARK [2][-]{subsection.15.8.1}{\376\377\000I\000f\000f\000\040\000I\000n\000t\000r\000o\000d\000u\000c\000t\000i\000o\000n}{section.15.8}% 203
\BOOKMARK [1][-]{section.15.9}{\376\377\000P\000r\000o\000o\000f\000\040\000E\000n\000g\000i\000n\000e\000e\000r\000i\000n\000g}{chapter.15}% 204
\BOOKMARK [1][-]{section.15.10}{\376\377\000P\000r\000o\000o\000f\000\040\000T\000a\000c\000t\000i\000c\000s}{chapter.15}% 205
\BOOKMARK [1][-]{section.15.11}{\376\377\000M\000O\000V\000E\000D\000\040\000S\000T\000U\000F\000F}{chapter.15}% 206
\BOOKMARK [1][-]{section.15.12}{\376\377\000P\000r\000o\000p\000o\000s\000i\000t\000i\000o\000n\000s\000\040\000i\000n\000\040\000t\000h\000e\000\040\000H\000i\000g\000h\000e\000r\000\040\000O\000r\000d\000e\000r\000\040\000L\000o\000g\000i\000c\000\040\000o\000f\000\040\000L\000e\000a\000n}{chapter.15}% 207
\BOOKMARK [1][-]{section.15.13}{\376\377\000P\000R\000O\000O\000F\000\040\000A\000N\000D\000\040\000T\000R\000U\000T\000H}{chapter.15}% 208
\BOOKMARK [1][-]{section.15.14}{\376\377\000P\000r\000o\000p\000o\000s\000i\000t\000i\000o\000n\000s}{chapter.15}% 209
\BOOKMARK [2][-]{subsection.15.14.1}{\376\377\000T\000h\000e\000\040\000T\000y\000p\000e\000\040\000H\000i\000e\000r\000a\000r\000c\000h\000y\000\040\000\050\000U\000n\000i\000v\000e\000r\000s\000e\000s\000\051\000\040\000o\000f\000\040\000L\000e\000a\000n}{section.15.14}% 210
\BOOKMARK [2][-]{subsection.15.14.2}{\376\377\000P\000r\000o\000o\000f\000\040\000i\000s\000\040\000T\000r\000u\000t\000h}{section.15.14}% 211
\BOOKMARK [1][-]{section.15.15}{\376\377\000U\000s\000i\000n\000g\000\040\000L\000e\000a\000n}{chapter.15}% 212
\BOOKMARK [2][-]{subsection.15.15.1}{\376\377\000B\000i\000n\000d\000i\000n\000g\000\040\000V\000a\000l\000u\000e\000s\000\040\000t\000o\000\040\000V\000a\000r\000i\000a\000b\000l\000e\000s}{section.15.15}% 213
\BOOKMARK [2][-]{subsection.15.15.2}{\376\377\000C\000h\000e\000c\000k\000i\000n\000g\000\040\000T\000y\000p\000e\000s}{section.15.15}% 214
\BOOKMARK [2][-]{subsection.15.15.3}{\376\377\000T\000y\000p\000e\000s\000\040\000A\000r\000e\000\040\000V\000a\000l\000u\000e\000s\000\040\000T\000o\000o}{section.15.15}% 215
\BOOKMARK [1][-]{section.15.16}{\376\377\000P\000r\000o\000p\000o\000s\000i\000t\000i\000o\000n\000a\000l\000\040\000L\000o\000g\000i\000c\000\040\000a\000n\000d\000\040\000N\000D\000\040\000P\000r\000o\000o\000f\000s\000\040\000i\000n\000\040\000L\000e\000a\000n}{chapter.15}% 216
\BOOKMARK [1][-]{section.15.17}{\376\377\000C\000o\000n\000c\000l\000u\000s\000i\000o\000n}{chapter.15}% 217
\BOOKMARK [1][-]{section.15.18}{\376\377\000E\000x\000e\000r\000c\000i\000s\000e\000s}{chapter.15}% 218
\BOOKMARK [0][-]{chapter.16}{\376\377\000P\000r\000o\000o\000f\000s\000\040\000o\000f\000\040\000E\000q\000u\000a\000l\000i\000t\000i\000e\000s}{}% 219
\BOOKMARK [1][-]{section.16.1}{\376\377\000P\000r\000o\000o\000f\000s\000\040\000B\000a\000s\000e\000d\000\040\000o\000n\000\040\000P\000r\000o\000p\000e\000r\000t\000i\000e\000s\000\040\000o\000f\000\040\000E\000q\000u\000a\000l\000i\000t\000y}{chapter.16}% 220
\BOOKMARK [2][-]{subsection.16.1.1}{\376\377\000B\000y\000\040\000T\000h\000e\000\040\000R\000e\000f\000l\000e\000x\000i\000v\000e\000\040\000P\000r\000o\000p\000e\000r\000t\000y\000\040\000o\000f\000\040\000E\000q\000u\000a\000l\000i\000t\000y}{section.16.1}% 221
\BOOKMARK [2][-]{subsection.16.1.2}{\376\377\000B\000y\000\040\000t\000h\000e\000\040\000S\000y\000m\000m\000e\000t\000r\000i\000c\000\040\000P\000r\000o\000p\000e\000r\000t\000y\000\040\000o\000f\000\040\000E\000q\000u\000a\000l\000i\000t\000y}{section.16.1}% 222
\BOOKMARK [2][-]{subsection.16.1.3}{\376\377\000B\000y\000\040\000t\000h\000e\000\040\000T\000r\000a\000n\000s\000i\000t\000i\000v\000e\000\040\000P\000r\000o\000p\000e\000r\000t\000y\000\040\000o\000f\000\040\000E\000q\000u\000a\000l\000i\000t\000y}{section.16.1}% 223
\BOOKMARK [2][-]{subsection.16.1.4}{\376\377\000O\000p\000t\000i\000o\000n\000a\000l\000:\000\040\000S\000u\000b\000s\000t\000i\000t\000u\000t\000a\000b\000i\000l\000i\000t\000y\000\040\000o\000f\000\040\000E\000q\000u\000a\000l\000s}{section.16.1}% 224
\BOOKMARK [0][-]{chapter.17}{\376\377\000P\000r\000o\000o\000f\000s\000\040\000o\000f\000\040\000I\000n\000e\000q\000u\000a\000l\000i\000t\000y}{}% 225
\BOOKMARK [1][-]{section.17.1}{\376\377\000P\000e\000a\000n\000o\040\031\000s\000\040\000P\000r\000i\000n\000c\000p\000l\000e\000s}{chapter.17}% 226
\BOOKMARK [1][-]{section.17.2}{\376\377\000W\000h\000y\000\040\000Z\000e\000r\000o\000\040\000I\000s\000n\040\031\000t\000\040\000O\000n\000e}{chapter.17}% 227
\BOOKMARK [1][-]{section.17.3}{\376\377\000P\000r\000o\000o\000f\000s\000\040\000o\000f\000\040\000I\000n\000e\000q\000u\000a\000l\000i\000t\000y\000\040\000i\000n\000\040\000L\000e\000a\000n}{chapter.17}% 228
\BOOKMARK [1][-]{section.17.4}{\376\377\000M\000o\000r\000e\000\040\000t\000o\000\040\000c\000o\000m\000e}{chapter.17}% 229
\BOOKMARK [0][-]{chapter.18}{\376\377\000P\000r\000o\000o\000f\000s\000\040\000o\000f\000\040\000E\000x\000i\000s\000t\000e\000n\000c\000e}{}% 230
\BOOKMARK [0][-]{chapter.19}{\376\377\000P\000r\000o\000o\000f\000s\000\040\000o\000f\000\040\000U\000n\000i\000v\000e\000r\000s\000a\000l\000i\000t\000y}{}% 231
\BOOKMARK [0][-]{chapter.20}{\376\377\000T\000e\000r\000m\000i\000n\000a\000t\000i\000o\000n}{}% 232
\BOOKMARK [1][-]{section.20.1}{\376\377\000S\000t\000r\000u\000c\000t\000u\000r\000a\000l\000\040\000r\000e\000c\000u\000r\000s\000i\000o\000n}{chapter.20}% 233
\BOOKMARK [1][-]{section.20.2}{\376\377\000W\000e\000l\000l\000-\000f\000o\000u\000n\000d\000e\000d\000\040\000r\000e\000c\000u\000r\000s\000i\000o\000n}{chapter.20}% 234
\BOOKMARK [1][-]{section.20.3}{\376\377\000F\000u\000e\000l}{chapter.20}% 235
\BOOKMARK [0][-]{chapter.21}{\376\377\000I\000n\000d\000i\000c\000e\000s\000\040\000a\000n\000d\000\040\000t\000a\000b\000l\000e\000s}{}% 236
