This is XeTeX, Version 3.14159265-2.6-0.99998 (MiKTeX 2.9.6500) (preloaded format=xelatex 2017.12.18)  17 MAY 2018 12:31
entering extended mode
**./MathematicalLogicinSoftwareDevelopment.tex
(MathematicalLogicinSoftwareDevelopment.tex
LaTeX2e <2017-04-15>
Babel <3.12> and hyphenation patterns for 1 language(s) loaded.
(sphinxmanual.cls
Document Class: sphinxmanual 2017/03/26 v1.6 Document class (Sphinx manual)
(/usr/local/share/miktex-texmf/tex/latex/base/report.cls
Document Class: report 2014/09/29 v1.4h Standard LaTeX document class
(/usr/local/share/miktex-texmf/tex/latex/base/size10.clo
File: size10.clo 2014/09/29 v1.4h Standard LaTeX file (size option)
)
\c@part=\count79
\c@chapter=\count80
\c@section=\count81
\c@subsection=\count82
\c@subsubsection=\count83
\c@paragraph=\count84
\c@subparagraph=\count85
\c@figure=\count86
\c@table=\count87
\abovecaptionskip=\skip41
\belowcaptionskip=\skip42
\bibindent=\dimen102
))
\sphinxpxdimen=\dimen103

(/usr/local/share/miktex-texmf/tex/latex/cmap/cmap.sty
Package: cmap 2008/03/06 v1.0h CMap support: searchable PDF


Package cmap Warning: pdftex not detected - exiting.

) (/usr/local/share/miktex-texmf/tex/latex/fontspec/fontspec.sty
(/usr/local/share/miktex-texmf/tex/latex/l3kernel/expl3.sty
Package: expl3 2017/12/05 L3 programming layer (loader) 

(/usr/local/share/miktex-texmf/tex/latex/l3kernel/expl3-code.tex
Package: expl3 2017/12/05 L3 programming layer (code)
\c_max_int=\count88
\l_tmpa_int=\count89
\l_tmpb_int=\count90
\g_tmpa_int=\count91
\g_tmpb_int=\count92
\g__intarray_font_int=\count93
\g__prg_map_int=\count94
\c_log_iow=\count95
\l_iow_line_count_int=\count96
\l__iow_line_target_int=\count97
\l__iow_one_indent_int=\count98
\l__iow_indent_int=\count99
\c_zero_dim=\dimen104
\c_max_dim=\dimen105
\l_tmpa_dim=\dimen106
\l_tmpb_dim=\dimen107
\g_tmpa_dim=\dimen108
\g_tmpb_dim=\dimen109
\c_zero_skip=\skip43
\c_max_skip=\skip44
\l_tmpa_skip=\skip45
\l_tmpb_skip=\skip46
\g_tmpa_skip=\skip47
\g_tmpb_skip=\skip48
\c_zero_muskip=\muskip10
\c_max_muskip=\muskip11
\l_tmpa_muskip=\muskip12
\l_tmpb_muskip=\muskip13
\g_tmpa_muskip=\muskip14
\g_tmpb_muskip=\muskip15
\l_keys_choice_int=\count100
\c__fp_leading_shift_int=\count101
\c__fp_middle_shift_int=\count102
\c__fp_trailing_shift_int=\count103
\c__fp_big_leading_shift_int=\count104
\c__fp_big_middle_shift_int=\count105
\c__fp_big_trailing_shift_int=\count106
\c__fp_Bigg_leading_shift_int=\count107
\c__fp_Bigg_middle_shift_int=\count108
\c__fp_Bigg_trailing_shift_int=\count109
\l__sort_length_int=\count110
\l__sort_min_int=\count111
\l__sort_top_int=\count112
\l__sort_max_int=\count113
\l__sort_true_max_int=\count114
\l__sort_block_int=\count115
\l__sort_begin_int=\count116
\l__sort_end_int=\count117
\l__sort_A_int=\count118
\l__sort_B_int=\count119
\l__sort_C_int=\count120
\l__tl_build_start_index_int=\count121
\l__tl_build_index_int=\count122
\l__tl_analysis_normal_int=\count123
\l__tl_analysis_index_int=\count124
\l__tl_analysis_nesting_int=\count125
\l__tl_analysis_type_int=\count126
\l__regex_internal_a_int=\count127
\l__regex_internal_b_int=\count128
\l__regex_internal_c_int=\count129
\l__regex_balance_int=\count130
\l__regex_group_level_int=\count131
\l__regex_mode_int=\count132
\c__regex_cs_in_class_mode_int=\count133
\c__regex_cs_mode_int=\count134
\l__regex_catcodes_int=\count135
\l__regex_default_catcodes_int=\count136
\c__regex_catcode_L_int=\count137
\c__regex_catcode_O_int=\count138
\c__regex_catcode_A_int=\count139
\c__regex_all_catcodes_int=\count140
\l__regex_show_lines_int=\count141
\l__regex_min_state_int=\count142
\l__regex_max_state_int=\count143
\l__regex_left_state_int=\count144
\l__regex_right_state_int=\count145
\l__regex_capturing_group_int=\count146
\l__regex_min_pos_int=\count147
\l__regex_max_pos_int=\count148
\l__regex_curr_pos_int=\count149
\l__regex_start_pos_int=\count150
\l__regex_success_pos_int=\count151
\l__regex_curr_char_int=\count152
\l__regex_curr_catcode_int=\count153
\l__regex_last_char_int=\count154
\l__regex_case_changed_char_int=\count155
\l__regex_curr_state_int=\count156
\l__regex_step_int=\count157
\l__regex_min_active_int=\count158
\l__regex_max_active_int=\count159
\l__regex_replacement_csnames_int=\count160
\l__regex_match_count_int=\count161
\l__regex_min_submatch_int=\count162
\l__regex_submatch_int=\count163
\l__regex_zeroth_submatch_int=\count164
\g__debug_trace_regex_int=\count165
\c_empty_box=\box26
\l_tmpa_box=\box27
\l_tmpb_box=\box28
\g_tmpa_box=\box29
\g_tmpb_box=\box30
\l__box_top_dim=\dimen110
\l__box_bottom_dim=\dimen111
\l__box_left_dim=\dimen112
\l__box_right_dim=\dimen113
\l__box_top_new_dim=\dimen114
\l__box_bottom_new_dim=\dimen115
\l__box_left_new_dim=\dimen116
\l__box_right_new_dim=\dimen117
\l__box_internal_box=\box31
\l__coffin_internal_box=\box32
\l__coffin_internal_dim=\dimen118
\l__coffin_offset_x_dim=\dimen119
\l__coffin_offset_y_dim=\dimen120
\l__coffin_x_dim=\dimen121
\l__coffin_y_dim=\dimen122
\l__coffin_x_prime_dim=\dimen123
\l__coffin_y_prime_dim=\dimen124
\c_empty_coffin=\box33
\l__coffin_aligned_coffin=\box34
\l__coffin_aligned_internal_coffin=\box35
\l_tmpa_coffin=\box36
\l_tmpb_coffin=\box37
\l__coffin_display_coffin=\box38
\l__coffin_display_coord_coffin=\box39
\l__coffin_display_pole_coffin=\box40
\l__coffin_display_offset_dim=\dimen125
\l__coffin_display_x_dim=\dimen126
\l__coffin_display_y_dim=\dimen127
\l__coffin_bounding_shift_dim=\dimen128
\l__coffin_left_corner_dim=\dimen129
\l__coffin_right_corner_dim=\dimen130
\l__coffin_bottom_corner_dim=\dimen131
\l__coffin_top_corner_dim=\dimen132
\l__coffin_scaled_total_height_dim=\dimen133
\l__coffin_scaled_width_dim=\dimen134
)
(/usr/local/share/miktex-texmf/tex/latex/l3kernel/l3xdvipdfmx.def
File: l3xdvidpfmx.def 2017/03/18 v L3 Experimental driver: xdvipdfmx
\g__driver_image_int=\count166
\l__driver_tmp_box=\box41
))
(/usr/local/share/miktex-texmf/tex/latex/l3packages/xparse/xparse.sty
Package: xparse 2017/12/05 L3 Experimental document command parser
\l__xparse_current_arg_int=\count167
\g__xparse_grabber_int=\count168
\l__xparse_m_args_int=\count169
\l__xparse_mandatory_args_int=\count170
\l__xparse_v_nesting_int=\count171
)
Package: fontspec 2017/07/16 v2.6b Font selection for XeLaTeX and LuaLaTeX

(/usr/local/share/miktex-texmf/tex/latex/fontspec/fontspec-xetex.sty
Package: fontspec-xetex 2017/07/16 v2.6b Font selection for XeLaTeX and LuaLaTe
X
\l__fontspec_script_int=\count172
\l__fontspec_language_int=\count173
\l__fontspec_strnum_int=\count174
\l__fontspec_tmp_int=\count175
\l__fontspec_em_int=\count176
\l__fontspec_emdef_int=\count177
\l__fontspec_strong_int=\count178
\l__fontspec_strongdef_int=\count179
\l__fontspec_tmpa_dim=\dimen135
\l__fontspec_tmpb_dim=\dimen136
\l__fontspec_tmpc_dim=\dimen137
\g__file_internal_ior=\read1

(/usr/local/share/miktex-texmf/tex/latex/base/fontenc.sty
Package: fontenc 2017/04/05 v2.0i Standard LaTeX package

(/usr/local/share/miktex-texmf/tex/latex/base/tuenc.def
File: tuenc.def 2017/04/05 v2.0i Standard LaTeX file
LaTeX Font Info:    Redeclaring font encoding TU on input line 82.
))
.................................................
. LaTeX info: "xparse/define-command"
. 
. Defining command \fontspec with sig. 'O{}mO{}' on line 474.
.................................................
.................................................
. LaTeX info: "xparse/define-command"
. 
. Defining command \setmainfont with sig. 'O{}mO{}' on line 485.
.................................................
.................................................
. LaTeX info: "xparse/define-command"
. 
. Defining command \setsansfont with sig. 'O{}mO{}' on line 505.
.................................................
.................................................
. LaTeX info: "xparse/define-command"
. 
. Defining command \setmonofont with sig. 'O{}mO{}' on line 525.
.................................................
.................................................
. LaTeX info: "xparse/define-command"
. 
. Defining command \setromanfont with sig. 'O{}mO{}' on line 545.
.................................................
.................................................
. LaTeX info: "xparse/define-command"
. 
. Defining command \setmathrm with sig. 'O{}mO{}' on line 549.
.................................................
.................................................
. LaTeX info: "xparse/define-command"
. 
. Defining command \setboldmathrm with sig. 'O{}mO{}' on line 557.
.................................................
.................................................
. LaTeX info: "xparse/define-command"
. 
. Defining command \setmathsf with sig. 'O{}mO{}' on line 565.
.................................................
.................................................
. LaTeX info: "xparse/define-command"
. 
. Defining command \setmathtt with sig. 'O{}mO{}' on line 573.
.................................................
.................................................
. LaTeX info: "xparse/define-command"
. 
. Defining command \newfontfamily with sig. 'mO{}mO{}' on line 588.
.................................................
.................................................
. LaTeX info: "xparse/define-command"
. 
. Defining command \newfontface with sig. 'mO{}mO{}' on line 605.
.................................................
.................................................
. LaTeX info: "xparse/define-command"
. 
. Defining command \defaultfontfeatures with sig. 't+om' on line 616.
.................................................
.................................................
. LaTeX info: "xparse/define-command"
. 
. Defining command \addfontfeatures with sig. 'm' on line 647.
.................................................
.................................................
. LaTeX info: "xparse/define-command"
. 
. Defining command \newfontfeature with sig. 'mm' on line 674.
.................................................
.................................................
. LaTeX info: "xparse/define-command"
. 
. Defining command \newAATfeature with sig. 'mmmm' on line 688.
.................................................
.................................................
. LaTeX info: "xparse/define-command"
. 
. Defining command \newopentypefeature with sig. 'mmm' on line 702.
.................................................
.................................................
. LaTeX info: "xparse/define-command"
. 
. Defining command \newICUfeature with sig. 'mmm' on line 722.
.................................................
.................................................
. LaTeX info: "xparse/define-command"
. 
. Defining command \aliasfontfeature with sig. 'mm' on line 726.
.................................................
.................................................
. LaTeX info: "xparse/define-command"
. 
. Defining command \aliasfontfeatureoption with sig. 'mmm' on line 747.
.................................................
.................................................
. LaTeX info: "xparse/define-command"
. 
. Defining command \newfontscript with sig. 'mm' on line 780.
.................................................
.................................................
. LaTeX info: "xparse/define-command"
. 
. Defining command \newfontlanguage with sig. 'mm' on line 784.
.................................................
.................................................
. LaTeX info: "xparse/define-command"
. 
. Defining command \DeclareFontsExtensions with sig. 'm' on line 788.
.................................................
.................................................
. LaTeX info: "xparse/define-command"
. 
. Defining command \IfFontFeatureActiveTF with sig. 'mmm' on line 799.
.................................................
.................................................
. LaTeX info: "xparse/define-command"
. 
. Defining command \EncodingCommand with sig. 'mO{}m' on line 3465.
.................................................
.................................................
. LaTeX info: "xparse/define-command"
. 
. Defining command \EncodingAccent with sig. 'mm' on line 3471.
.................................................
.................................................
. LaTeX info: "xparse/define-command"
. 
. Defining command \EncodingSymbol with sig. 'mm' on line 3477.
.................................................
.................................................
. LaTeX info: "xparse/define-command"
. 
. Defining command \EncodingComposite with sig. 'mmm' on line 3483.
.................................................
.................................................
. LaTeX info: "xparse/define-command"
. 
. Defining command \EncodingCompositeCommand with sig. 'mmm' on line 3489.
.................................................
.................................................
. LaTeX info: "xparse/define-command"
. 
. Defining command \DeclareUnicodeEncoding with sig. 'mm' on line 3514.
.................................................
.................................................
. LaTeX info: "xparse/define-command"
. 
. Defining command \UndeclareSymbol with sig. 'm' on line 3520.
.................................................
.................................................
. LaTeX info: "xparse/define-command"
. 
. Defining command \UndeclareComposite with sig. 'mm' on line 3528.
.................................................

(/usr/local/share/miktex-texmf/tex/latex/fontspec/fontspec.cfg)
LaTeX Info: Redefining \itshape on input line 3713.
LaTeX Info: Redefining \slshape on input line 3718.
LaTeX Info: Redefining \scshape on input line 3723.
LaTeX Info: Redefining \upshape on input line 3728.
LaTeX Info: Redefining \em on input line 3758.
LaTeX Info: Redefining \emph on input line 3783.
LaTeX Info: Redefining \- on input line 3834.
.................................................
. LaTeX info: "xparse/redefine-command"
. 
. Redefining command \oldstylenums with sig. 'm' on line 3929.
.................................................
.................................................
. LaTeX info: "xparse/define-command"
. 
. Defining command \liningnums with sig. 'm' on line 3933.
.................................................
))
(/usr/local/share/miktex-texmf/tex/latex/amsmath/amsmath.sty
Package: amsmath 2016/11/05 v2.16a AMS math features
\@mathmargin=\skip49

For additional information on amsmath, use the `?' option.
(/usr/local/share/miktex-texmf/tex/latex/amsmath/amstext.sty
Package: amstext 2000/06/29 v2.01 AMS text

(/usr/local/share/miktex-texmf/tex/latex/amsmath/amsgen.sty
File: amsgen.sty 1999/11/30 v2.0 generic functions
\@emptytoks=\toks14
\ex@=\dimen138
))
(/usr/local/share/miktex-texmf/tex/latex/amsmath/amsbsy.sty
Package: amsbsy 1999/11/29 v1.2d Bold Symbols
\pmbraise@=\dimen139
)
(/usr/local/share/miktex-texmf/tex/latex/amsmath/amsopn.sty
Package: amsopn 2016/03/08 v2.02 operator names
)
\inf@bad=\count180
LaTeX Info: Redefining \frac on input line 213.
\uproot@=\count181
\leftroot@=\count182
LaTeX Info: Redefining \overline on input line 375.
\classnum@=\count183
\DOTSCASE@=\count184
LaTeX Info: Redefining \ldots on input line 472.
LaTeX Info: Redefining \dots on input line 475.
LaTeX Info: Redefining \cdots on input line 596.
\Mathstrutbox@=\box42
\strutbox@=\box43
\big@size=\dimen140
LaTeX Font Info:    Redeclaring font encoding OML on input line 712.
LaTeX Font Info:    Redeclaring font encoding OMS on input line 713.
\macc@depth=\count185
\c@MaxMatrixCols=\count186
\dotsspace@=\muskip16
\c@parentequation=\count187
\dspbrk@lvl=\count188
\tag@help=\toks15
\row@=\count189
\column@=\count190
\maxfields@=\count191
\andhelp@=\toks16
\eqnshift@=\dimen141
\alignsep@=\dimen142
\tagshift@=\dimen143
\tagwidth@=\dimen144
\totwidth@=\dimen145
\lineht@=\dimen146
\@envbody=\toks17
\multlinegap=\skip50
\multlinetaggap=\skip51
\mathdisplay@stack=\toks18
LaTeX Info: Redefining \[ on input line 2817.
LaTeX Info: Redefining \] on input line 2818.
)
(/usr/local/share/miktex-texmf/tex/latex/amsfonts/amssymb.sty
Package: amssymb 2013/01/14 v3.01 AMS font symbols

(/usr/local/share/miktex-texmf/tex/latex/amsfonts/amsfonts.sty
Package: amsfonts 2013/01/14 v3.01 Basic AMSFonts support
\symAMSa=\mathgroup4
\symAMSb=\mathgroup5
LaTeX Font Info:    Overwriting math alphabet `\mathfrak' in version `bold'
(Font)                  U/euf/m/n --> U/euf/b/n on input line 106.
))
(/usr/local/share/miktex-texmf/tex/latex/polyglossia/polyglossia.sty
Package: polyglossia 2015/03/25 v1.42.4 Alternative to Babel for XeLaTeX and Lu
aLaTeX

(/usr/local/share/miktex-texmf/tex/latex/etoolbox/etoolbox.sty
Package: etoolbox 2017/11/22 v2.5 e-TeX tools for LaTeX (JAW)
\etb@tempcnta=\count192
)
(/usr/local/share/miktex-texmf/tex/latex/makecmds/makecmds.sty
Package: makecmds 2009/09/03 v1.0a extra command making commands
)
(/usr/local/share/miktex-texmf/tex/latex/xkeyval/xkeyval.sty
Package: xkeyval 2014/12/03 v2.7a package option processing (HA)

(/usr/local/share/miktex-texmf/tex/generic/xkeyval/xkeyval.tex
(/usr/local/share/miktex-texmf/tex/generic/xkeyval/xkvutils.tex
\XKV@toks=\toks19
\XKV@tempa@toks=\toks20

(/usr/local/share/miktex-texmf/tex/generic/xkeyval/keyval.tex))
\XKV@depth=\count193
File: xkeyval.tex 2014/12/03 v2.7a key=value parser (HA)
))
(/usr/local/share/miktex-texmf/tex/generic/oberdiek/ifluatex.sty
Package: ifluatex 2016/05/16 v1.4 Provides the ifluatex switch (HO)
Package ifluatex Info: LuaTeX not detected.
)
(/usr/local/share/miktex-texmf/tex/generic/ifxetex/ifxetex.sty
Package: ifxetex 2010/09/12 v0.6 Provides ifxetex conditional
)
\xpg@normalclass=\XeTeXcharclass1
)
(/usr/local/share/miktex-texmf/tex/latex/polyglossia/gloss-english.ldf
File: gloss-english.ldf polyglossia: module for english
)
Package polyglossia Info: Default language is english.

(/usr/local/share/miktex-texmf/tex/latex/fncychap/fncychap.sty
Package: fncychap 2007/07/30 v1.34 LaTeX package (Revised chapters)
\RW=\skip52
\mylen=\skip53
\myhi=\skip54
\px=\skip55
\py=\skip56
\pyy=\skip57
\pxx=\skip58
\c@AlphaCnt=\count194
\c@AlphaDecCnt=\count195
) (sphinx.sty
Package: sphinx 2017/07/24 v1.6.4 LaTeX package (Sphinx markup)

(/usr/local/share/miktex-texmf/tex/generic/oberdiek/ltxcmds.sty
Package: ltxcmds 2016/05/16 v1.23 LaTeX kernel commands for general use (HO)
)
(/usr/local/share/miktex-texmf/tex/latex/graphics/graphicx.sty
Package: graphicx 2017/06/01 v1.1a Enhanced LaTeX Graphics (DPC,SPQR)

(/usr/local/share/miktex-texmf/tex/latex/graphics/graphics.sty
Package: graphics 2017/06/25 v1.2c Standard LaTeX Graphics (DPC,SPQR)

(/usr/local/share/miktex-texmf/tex/latex/graphics/trig.sty
Package: trig 2016/01/03 v1.10 sin cos tan (DPC)
)
(/usr/local/share/miktex-texmf/tex/latex/graphics-cfg/graphics.cfg
File: graphics.cfg 2016/06/04 v1.11 sample graphics configuration
)
Package graphics Info: Driver file: xetex.def on input line 99.

(/usr/local/share/miktex-texmf/tex/latex/graphics-def/xetex.def
File: xetex.def 2017/06/24 v5.0h Graphics/color driver for xetex
))
\Gin@req@height=\dimen147
\Gin@req@width=\dimen148
)
(/usr/local/share/miktex-texmf/tex/latex/fancyhdr/fancyhdr.sty
Package: fancyhdr 2017/06/30 v3.9a Extensive control of page headers and footer
s
\f@nch@headwidth=\skip59
\f@nch@O@elh=\skip60
\f@nch@O@erh=\skip61
\f@nch@O@olh=\skip62
\f@nch@O@orh=\skip63
\f@nch@O@elf=\skip64
\f@nch@O@erf=\skip65
\f@nch@O@olf=\skip66
\f@nch@O@orf=\skip67
)
(/usr/local/share/miktex-texmf/tex/latex/base/textcomp.sty
Package: textcomp 2017/04/05 v2.0i Standard LaTeX package
Package textcomp Info: Sub-encoding information:
(textcomp)               5 = only ISO-Adobe without \textcurrency
(textcomp)               4 = 5 + \texteuro
(textcomp)               3 = 4 + \textohm
(textcomp)               2 = 3 + \textestimated + \textcurrency
(textcomp)               1 = TS1 - \textcircled - \t
(textcomp)               0 = TS1 (full)
(textcomp)             Font families with sub-encoding setting implement
(textcomp)             only a restricted character set as indicated.
(textcomp)             Family '?' is the default used for unknown fonts.
(textcomp)             See the documentation for details.
Package textcomp Info: Setting ? sub-encoding to TS1/1 on input line 79.

(/usr/local/share/miktex-texmf/tex/latex/base/ts1enc.def
File: ts1enc.def 2001/06/05 v3.0e (jk/car/fm) Standard LaTeX file
)
LaTeX Info: Redefining \oldstylenums on input line 334.
Package textcomp Info: Setting cmr sub-encoding to TS1/0 on input line 349.
Package textcomp Info: Setting cmss sub-encoding to TS1/0 on input line 350.
Package textcomp Info: Setting cmtt sub-encoding to TS1/0 on input line 351.
Package textcomp Info: Setting cmvtt sub-encoding to TS1/0 on input line 352.
Package textcomp Info: Setting cmbr sub-encoding to TS1/0 on input line 353.
Package textcomp Info: Setting cmtl sub-encoding to TS1/0 on input line 354.
Package textcomp Info: Setting ccr sub-encoding to TS1/0 on input line 355.
Package textcomp Info: Setting ptm sub-encoding to TS1/4 on input line 356.
Package textcomp Info: Setting pcr sub-encoding to TS1/4 on input line 357.
Package textcomp Info: Setting phv sub-encoding to TS1/4 on input line 358.
Package textcomp Info: Setting ppl sub-encoding to TS1/3 on input line 359.
Package textcomp Info: Setting pag sub-encoding to TS1/4 on input line 360.
Package textcomp Info: Setting pbk sub-encoding to TS1/4 on input line 361.
Package textcomp Info: Setting pnc sub-encoding to TS1/4 on input line 362.
Package textcomp Info: Setting pzc sub-encoding to TS1/4 on input line 363.
Package textcomp Info: Setting bch sub-encoding to TS1/4 on input line 364.
Package textcomp Info: Setting put sub-encoding to TS1/5 on input line 365.
Package textcomp Info: Setting uag sub-encoding to TS1/5 on input line 366.
Package textcomp Info: Setting ugq sub-encoding to TS1/5 on input line 367.
Package textcomp Info: Setting ul8 sub-encoding to TS1/4 on input line 368.
Package textcomp Info: Setting ul9 sub-encoding to TS1/4 on input line 369.
Package textcomp Info: Setting augie sub-encoding to TS1/5 on input line 370.
Package textcomp Info: Setting dayrom sub-encoding to TS1/3 on input line 371.
Package textcomp Info: Setting dayroms sub-encoding to TS1/3 on input line 372.

Package textcomp Info: Setting pxr sub-encoding to TS1/0 on input line 373.
Package textcomp Info: Setting pxss sub-encoding to TS1/0 on input line 374.
Package textcomp Info: Setting pxtt sub-encoding to TS1/0 on input line 375.
Package textcomp Info: Setting txr sub-encoding to TS1/0 on input line 376.
Package textcomp Info: Setting txss sub-encoding to TS1/0 on input line 377.
Package textcomp Info: Setting txtt sub-encoding to TS1/0 on input line 378.
Package textcomp Info: Setting lmr sub-encoding to TS1/0 on input line 379.
Package textcomp Info: Setting lmdh sub-encoding to TS1/0 on input line 380.
Package textcomp Info: Setting lmss sub-encoding to TS1/0 on input line 381.
Package textcomp Info: Setting lmssq sub-encoding to TS1/0 on input line 382.
Package textcomp Info: Setting lmvtt sub-encoding to TS1/0 on input line 383.
Package textcomp Info: Setting lmtt sub-encoding to TS1/0 on input line 384.
Package textcomp Info: Setting qhv sub-encoding to TS1/0 on input line 385.
Package textcomp Info: Setting qag sub-encoding to TS1/0 on input line 386.
Package textcomp Info: Setting qbk sub-encoding to TS1/0 on input line 387.
Package textcomp Info: Setting qcr sub-encoding to TS1/0 on input line 388.
Package textcomp Info: Setting qcs sub-encoding to TS1/0 on input line 389.
Package textcomp Info: Setting qpl sub-encoding to TS1/0 on input line 390.
Package textcomp Info: Setting qtm sub-encoding to TS1/0 on input line 391.
Package textcomp Info: Setting qzc sub-encoding to TS1/0 on input line 392.
Package textcomp Info: Setting qhvc sub-encoding to TS1/0 on input line 393.
Package textcomp Info: Setting futs sub-encoding to TS1/4 on input line 394.
Package textcomp Info: Setting futx sub-encoding to TS1/4 on input line 395.
Package textcomp Info: Setting futj sub-encoding to TS1/4 on input line 396.
Package textcomp Info: Setting hlh sub-encoding to TS1/3 on input line 397.
Package textcomp Info: Setting hls sub-encoding to TS1/3 on input line 398.
Package textcomp Info: Setting hlst sub-encoding to TS1/3 on input line 399.
Package textcomp Info: Setting hlct sub-encoding to TS1/5 on input line 400.
Package textcomp Info: Setting hlx sub-encoding to TS1/5 on input line 401.
Package textcomp Info: Setting hlce sub-encoding to TS1/5 on input line 402.
Package textcomp Info: Setting hlcn sub-encoding to TS1/5 on input line 403.
Package textcomp Info: Setting hlcw sub-encoding to TS1/5 on input line 404.
Package textcomp Info: Setting hlcf sub-encoding to TS1/5 on input line 405.
Package textcomp Info: Setting pplx sub-encoding to TS1/3 on input line 406.
Package textcomp Info: Setting pplj sub-encoding to TS1/3 on input line 407.
Package textcomp Info: Setting ptmx sub-encoding to TS1/4 on input line 408.
Package textcomp Info: Setting ptmj sub-encoding to TS1/4 on input line 409.
)
(/usr/local/share/miktex-texmf/tex/latex/titlesec/titlesec.sty
Package: titlesec 2016/03/21 v2.10.2 Sectioning titles
\ttl@box=\box44
\beforetitleunit=\skip68
\aftertitleunit=\skip69
\ttl@plus=\dimen149
\ttl@minus=\dimen150
\ttl@toksa=\toks21
\titlewidth=\dimen151
\titlewidthlast=\dimen152
\titlewidthfirst=\dimen153
)
(/usr/local/share/miktex-texmf/tex/latex/tabulary/tabulary.sty
Package: tabulary 2014/06/11 v0.10 tabulary package (DPC)

(/usr/local/share/miktex-texmf/tex/latex/tools/array.sty
Package: array 2016/10/06 v2.4d Tabular extension package (FMi)
\col@sep=\dimen154
\extrarowheight=\dimen155
\NC@list=\toks22
\extratabsurround=\skip70
\backup@length=\skip71
)
\TY@count=\count196
\TY@linewidth=\dimen156
\tymin=\dimen157
\tymax=\dimen158
\TY@tablewidth=\dimen159
)
(/usr/local/share/miktex-texmf/tex/latex/tools/longtable.sty
Package: longtable 2014/10/28 v4.11 Multi-page Table package (DPC)
\LTleft=\skip72
\LTright=\skip73
\LTpre=\skip74
\LTpost=\skip75
\LTchunksize=\count197
\LTcapwidth=\dimen160
\LT@head=\box45
\LT@firsthead=\box46
\LT@foot=\box47
\LT@lastfoot=\box48
\LT@cols=\count198
\LT@rows=\count199
\c@LT@tables=\count266
\c@LT@chunks=\count267
\LT@p@ftn=\toks23
)
(/usr/local/share/miktex-texmf/tex/latex/ltxmisc/varwidth.sty
Package: varwidth 2009/03/30 ver 0.92;  Variable-width minipages
\@vwid@box=\box49
\sift@deathcycles=\count268
\@vwid@loff=\dimen161
\@vwid@roff=\dimen162
)
(sphinxmulticell.sty
Package: sphinxmulticell 2017/02/23 v1.6 better span rows and columns of a tabl
e (Sphinx team)
\sphinx@TY@tablewidth=\dimen163
) (/usr/local/share/miktex-texmf/tex/latex/base/makeidx.sty
Package: makeidx 2014/09/29 v1.0m Standard LaTeX package
) (/usr/local/share/miktex-texmf/tex/latex/framed/framed.sty
Package: framed 2011/10/22 v 0.96: framed or shaded text with page breaks
\OuterFrameSep=\skip76
\fb@frw=\dimen164
\fb@frh=\dimen165
\FrameRule=\dimen166
\FrameSep=\dimen167
)
(/usr/local/share/miktex-texmf/tex/latex/xcolor/xcolor.sty
Package: xcolor 2016/05/11 v2.12 LaTeX color extensions (UK)

(/usr/local/share/miktex-texmf/tex/latex/graphics-cfg/color.cfg
File: color.cfg 2016/01/02 v1.6 sample color configuration
)
Package xcolor Info: Driver file: xetex.def on input line 225.
Package xcolor Info: Model `cmy' substituted by `cmy0' on input line 1348.
Package xcolor Info: Model `RGB' extended on input line 1364.
Package xcolor Info: Model `HTML' substituted by `rgb' on input line 1366.
Package xcolor Info: Model `Hsb' substituted by `hsb' on input line 1367.
Package xcolor Info: Model `tHsb' substituted by `hsb' on input line 1368.
Package xcolor Info: Model `HSB' substituted by `hsb' on input line 1369.
Package xcolor Info: Model `Gray' substituted by `gray' on input line 1370.
Package xcolor Info: Model `wave' substituted by `hsb' on input line 1371.
)
(/usr/local/share/miktex-texmf/tex/latex/fancyvrb/fancyvrb.sty
Package: fancyvrb 2008/02/07

Style option: `fancyvrb' v2.7a, with DG/SPQR fixes, and firstline=lastline fix 
<2008/02/07> (tvz)
\FV@CodeLineNo=\count269
\FV@InFile=\read2
\FV@TabBox=\box50
\c@FancyVerbLine=\count270
\FV@StepNumber=\count271
\FV@OutFile=\write3
) (footnotehyper-sphinx.sty
Package: footnotehyper-sphinx 2017/03/07 v1.6 hyperref aware footnote.sty for s
phinx (JFB)
\FNH@notes=\box51
\FNH@width=\dimen168
)
(/usr/local/share/miktex-texmf/tex/latex/float/float.sty
Package: float 2001/11/08 v1.3d Float enhancements (AL)
\c@float@type=\count272
\float@exts=\toks24
\float@box=\box52
\@float@everytoks=\toks25
\@floatcapt=\box53
)
(/usr/local/share/miktex-texmf/tex/latex/wrapfig/wrapfig.sty
\wrapoverhang=\dimen169
\WF@size=\dimen170
\c@WF@wrappedlines=\count273
\WF@box=\box54
\WF@everypar=\toks26
Package: wrapfig 2003/01/31  v 3.6
)
(/usr/local/share/miktex-texmf/tex/latex/ltxmisc/parskip.sty
Package: parskip 2001/04/09 non-zero parskip adjustments
)
(/usr/local/share/miktex-texmf/tex/latex/base/alltt.sty
Package: alltt 1997/06/16 v2.0g defines alltt environment
)
(/usr/local/share/miktex-texmf/tex/latex/upquote/upquote.sty
Package: upquote 2012/04/19 v1.3 upright-quote and grave-accent glyphs in verba
tim
)
(/usr/local/share/miktex-texmf/tex/latex/capt-of/capt-of.sty
Package: capt-of 2009/12/29 v0.2 standard captions outside of floats
)
(/usr/local/share/miktex-texmf/tex/latex/needspace/needspace.sty
Package: needspace 2010/09/12 v1.3d reserve vertical space
)
(sphinxhighlight.sty
Package: sphinxhighlight 2016/05/29 stylesheet for highlighting with pygments
)
(/usr/local/share/miktex-texmf/tex/latex/oberdiek/kvoptions.sty
Package: kvoptions 2016/05/16 v3.12 Key value format for package options (HO)

(/usr/local/share/miktex-texmf/tex/generic/oberdiek/kvsetkeys.sty
Package: kvsetkeys 2016/05/16 v1.17 Key value parser (HO)

(/usr/local/share/miktex-texmf/tex/generic/oberdiek/infwarerr.sty
Package: infwarerr 2016/05/16 v1.4 Providing info/warning/error messages (HO)
)
(/usr/local/share/miktex-texmf/tex/generic/oberdiek/etexcmds.sty
Package: etexcmds 2016/05/16 v1.6 Avoid name clashes with e-TeX commands (HO)
Package etexcmds Info: Could not find \expanded.
(etexcmds)             That can mean that you are not using pdfTeX 1.50 or
(etexcmds)             that some package has redefined \expanded.
(etexcmds)             In the latter case, load this package earlier.
)))
\sphinxverbatimsep=\dimen171
\sphinxverbatimborder=\dimen172
\sphinxshadowsep=\dimen173
\sphinxshadowsize=\dimen174
\sphinxshadowrule=\dimen175
\spx@notice@border=\dimen176
\spx@image@box=\box55
\c@literalblock=\count274
\spx@Verbatim@TitleBox=\box56
\sphinxcontinuationbox=\box57
\sphinxvisiblespacebox=\box58
\py@argswidth=\skip77
\lineblockindentation=\skip78
\DUlineblockindent=\skip79
)
(/usr/local/share/miktex-texmf/tex/latex/geometry/geometry.sty
Package: geometry 2010/09/12 v5.6 Page Geometry

(/usr/local/share/miktex-texmf/tex/generic/oberdiek/ifpdf.sty
Package: ifpdf 2017/03/15 v3.2 Provides the ifpdf switch
)
(/usr/local/share/miktex-texmf/tex/generic/oberdiek/ifvtex.sty
Package: ifvtex 2016/05/16 v1.6 Detect VTeX and its facilities (HO)
Package ifvtex Info: VTeX not detected.
)
\Gm@cnth=\count275
\Gm@cntv=\count276
\c@Gm@tempcnt=\count277
\Gm@bindingoffset=\dimen177
\Gm@wd@mp=\dimen178
\Gm@odd@mp=\dimen179
\Gm@even@mp=\dimen180
\Gm@layoutwidth=\dimen181
\Gm@layoutheight=\dimen182
\Gm@layouthoffset=\dimen183
\Gm@layoutvoffset=\dimen184
\Gm@dimlist=\toks27

(/usr/local/share/miktex-texmf/tex/xelatex/xetexconfig/geometry.cfg))
(/usr/local/share/miktex-texmf/tex/latex/hyperref/hyperref.sty
Package: hyperref 2017/03/14 v6.85a Hypertext links for LaTeX

(/usr/local/share/miktex-texmf/tex/generic/oberdiek/hobsub-hyperref.sty
Package: hobsub-hyperref 2016/05/16 v1.14 Bundle oberdiek, subset hyperref (HO)


(/usr/local/share/miktex-texmf/tex/generic/oberdiek/hobsub-generic.sty
Package: hobsub-generic 2016/05/16 v1.14 Bundle oberdiek, subset generic (HO)
Package: hobsub 2016/05/16 v1.14 Construct package bundles (HO)
Package hobsub Info: Skipping package `infwarerr' (already loaded).
Package hobsub Info: Skipping package `ltxcmds' (already loaded).
Package hobsub Info: Skipping package `ifluatex' (already loaded).
Package hobsub Info: Skipping package `ifvtex' (already loaded).
Package: intcalc 2016/05/16 v1.2 Expandable calculations with integers (HO)
Package hobsub Info: Skipping package `ifpdf' (already loaded).
Package hobsub Info: Skipping package `etexcmds' (already loaded).
Package hobsub Info: Skipping package `kvsetkeys' (already loaded).
Package: kvdefinekeys 2016/05/16 v1.4 Define keys (HO)
Package: pdftexcmds 2017/03/19 v0.25 Utility functions of pdfTeX for LuaTeX (HO
)
Package pdftexcmds Info: LuaTeX not detected.
Package pdftexcmds Info: pdfTeX >= 1.30 not detected.
Package pdftexcmds Info: \pdf@primitive is available.
Package pdftexcmds Info: \pdf@ifprimitive is available.
Package pdftexcmds Info: \pdfdraftmode not found.
Package: pdfescape 2016/05/16 v1.14 Implements pdfTeX's escape features (HO)
Package: bigintcalc 2016/05/16 v1.4 Expandable calculations on big integers (HO
)
Package: bitset 2016/05/16 v1.2 Handle bit-vector datatype (HO)
Package: uniquecounter 2016/05/16 v1.3 Provide unlimited unique counter (HO)
)
Package hobsub Info: Skipping package `hobsub' (already loaded).
Package: letltxmacro 2016/05/16 v1.5 Let assignment for LaTeX macros (HO)
Package: hopatch 2016/05/16 v1.3 Wrapper for package hooks (HO)
Package: xcolor-patch 2016/05/16 xcolor patch
Package: atveryend 2016/05/16 v1.9 Hooks at the very end of document (HO)
Package: atbegshi 2016/06/09 v1.18 At begin shipout hook (HO)
Package: refcount 2016/05/16 v3.5 Data extraction from label references (HO)
Package: hycolor 2016/05/16 v1.8 Color options for hyperref/bookmark (HO)
)
(/usr/local/share/miktex-texmf/tex/latex/oberdiek/auxhook.sty
Package: auxhook 2016/05/16 v1.4 Hooks for auxiliary files (HO)
)
\@linkdim=\dimen185
\Hy@linkcounter=\count278
\Hy@pagecounter=\count279

(/usr/local/share/miktex-texmf/tex/latex/hyperref/pd1enc.def
File: pd1enc.def 2017/03/14 v6.85a Hyperref: PDFDocEncoding definition (HO)
)
\Hy@SavedSpaceFactor=\count280

(/usr/local/share/miktex-texmf/tex/latex/00miktex/hyperref.cfg
File: hyperref.cfg 2002/06/06 v1.2 hyperref configuration of TeXLive
)
Package hyperref Info: Option `unicode' set `true' on input line 4374.

(/usr/local/share/miktex-texmf/tex/latex/hyperref/puenc.def
File: puenc.def 2017/03/14 v6.85a Hyperref: PDF Unicode definition (HO)
)
Package hyperref Info: Option `colorlinks' set `true' on input line 4374.
Package hyperref Info: Option `breaklinks' set `true' on input line 4374.
Package hyperref Info: Hyper figures OFF on input line 4498.
Package hyperref Info: Link nesting OFF on input line 4503.
Package hyperref Info: Hyper index ON on input line 4506.
Package hyperref Info: Plain pages OFF on input line 4513.
Package hyperref Info: Backreferencing OFF on input line 4518.
Package hyperref Info: Implicit mode ON; LaTeX internals redefined.
Package hyperref Info: Bookmarks ON on input line 4751.
\c@Hy@tempcnt=\count281

(/usr/local/share/miktex-texmf/tex/latex/url/url.sty
\Urlmuskip=\muskip17
Package: url 2013/09/16  ver 3.4  Verb mode for urls, etc.
)
LaTeX Info: Redefining \url on input line 5104.
\XeTeXLinkMargin=\dimen186
\Fld@menulength=\count282
\Field@Width=\dimen187
\Fld@charsize=\dimen188
Package hyperref Info: Hyper figures OFF on input line 6358.
Package hyperref Info: Link nesting OFF on input line 6363.
Package hyperref Info: Hyper index ON on input line 6366.
Package hyperref Info: backreferencing OFF on input line 6373.
Package hyperref Info: Link coloring ON on input line 6376.
Package hyperref Info: Link coloring with OCG OFF on input line 6383.
Package hyperref Info: PDF/A mode OFF on input line 6388.
LaTeX Info: Redefining \ref on input line 6428.
LaTeX Info: Redefining \pageref on input line 6432.
\Hy@abspage=\count283
\c@Item=\count284
\c@Hfootnote=\count285
)

Package hyperref Message: Driver (autodetected): hxetex.

(/usr/local/share/miktex-texmf/tex/latex/hyperref/hxetex.def
File: hxetex.def 2017/03/14 v6.85a Hyperref driver for XeTeX

(/usr/local/share/miktex-texmf/tex/generic/oberdiek/stringenc.sty
Package: stringenc 2016/05/16 v1.11 Convert strings between diff. encodings (HO
)
)
\pdfm@box=\box59
\c@Hy@AnnotLevel=\count286
\HyField@AnnotCount=\count287
\Fld@listcount=\count288
\c@bookmark@seq@number=\count289

(/usr/local/share/miktex-texmf/tex/latex/oberdiek/rerunfilecheck.sty
Package: rerunfilecheck 2016/05/16 v1.8 Rerun checks for auxiliary files (HO)
Package rerunfilecheck Info: Feature \pdfmdfivesum is not available
(rerunfilecheck)             (e.g. pdfTeX or LuaTeX with package `pdftexcmds').

(rerunfilecheck)             Therefore file contents cannot be checked efficien
tly
(rerunfilecheck)             and the loading of the package is aborted.
)
\Hy@SectionHShift=\skip80
)
(/usr/local/share/miktex-texmf/tex/latex/oberdiek/hypcap.sty
Package: hypcap 2016/05/16 v1.12 Adjusting the anchors of captions (HO)
)
(/usr/local/share/miktex-texmf/tex/latex/cases/cases.sty
Package: cases 2002/05/02 ver 2.5 
)
(/usr/local/share/miktex-texmf/tex/latex/turnstile/turnstile.sty
Package: turnstile 2007/06/23 v1.0 turnstile file

(/usr/local/share/miktex-texmf/tex/latex/base/ifthen.sty
Package: ifthen 2014/09/29 v1.1c Standard LaTeX ifthen package (DPC)
)
\firstwidth=\skip81
\secondwidth=\skip82
\extrawidth=\skip83
\leasturnstilewidth=\skip84
\turnstilewidth=\skip85
\turnstileheight=\skip86
\dashthickness=\skip87
\ddashthickness=\skip88
\raiseup=\skip89
\raisedown=\skip90
\tinyverdistance=\skip91
\verdistance=\skip92
\lift=\skip93
\lengthvar=\skip94
\first=\box60
\second=\box61
\turnstilebox=\box62
)
(/usr/local/share/miktex-texmf/tex/latex/bussproofs/bussproofs.sty
Proof Tree (bussproofs) style macros. Version 1.1.
\theLevel=\count290
\myMaxLevel=\count291
\myBoxA=\box63
\myBoxB=\box64
\myBoxC=\box65
\myBoxD=\box66
\myBoxLL=\box67
\myBoxRL=\box68
\thisAboveSkip=\dimen189
\thisBelowSkip=\dimen190
\newScoreStart=\dimen191
\newScoreEnd=\dimen192
\newCenter=\dimen193
\displace=\dimen194
\leftLowerAmt=\dimen195
\rightLowerAmt=\dimen196
\scoreHeight=\dimen197
\scoreDepth=\dimen198
\htLbox=\dimen199
\htRbox=\dimen256
\htRRbox=\dimen257
\htRRRbox=\dimen258
\htAbox=\dimen259
\htCbox=\dimen260
) (/Users/sullivan/.miktex/texmfs/install/tex/latex/prftree/prftree.sty
Package: prftree 2016/09/03 Natural Deduction Proofs
\prflinepadbefore=\dimen261
\prflinepadafter=\dimen262
\prflineextra=\dimen263
\prflinethickness=\dimen264
\prfemptylinethickness=\dimen265
\prfrulenameskip=\dimen266
\prflabelskip=\dimen267
\prfinterspace=\dimen268
\prfdoublelineinterspace=\dimen269
\prfboundedstyle=\count292
\prfsummarystyle=\count293
\prf@@fancysummarybox=\box69
\prf@@fancysymmarylen=\dimen270
\prf@Lassum=\skip95
\prf@Rassum=\skip96
\prf@assumptionsbox=\box70
\prf@conclusionbox=\box71
\prf@rulenamebox=\box72
\prf@labelbox=\box73
\prf@linebox=\box74
\prf@summarybox=\box75
\prf@fancybox=\box76
\c@prfassumptioncounter=\count294
\c@prfsummarycounter=\count295
\prf@summary@label=\box77
\prf@@@@proofbox=\box78
)
\@indexfile=\write4
\openout4 = `MathematicalLogicinSoftwareDevelopment.idx'.


Writing index file MathematicalLogicinSoftwareDevelopment.idx
(MathematicalLogicinSoftwareDevelopment.aux)
\openout1 = `MathematicalLogicinSoftwareDevelopment.aux'.

LaTeX Font Info:    Checking defaults for OML/cmm/m/it on input line 56.
LaTeX Font Info:    ... okay on input line 56.
LaTeX Font Info:    Checking defaults for T1/cmr/m/n on input line 56.
LaTeX Font Info:    ... okay on input line 56.
LaTeX Font Info:    Checking defaults for OT1/cmr/m/n on input line 56.
LaTeX Font Info:    ... okay on input line 56.
LaTeX Font Info:    Checking defaults for OMS/cmsy/m/n on input line 56.
LaTeX Font Info:    ... okay on input line 56.
LaTeX Font Info:    Checking defaults for TU/lmr/m/n on input line 56.
LaTeX Font Info:    ... okay on input line 56.
LaTeX Font Info:    Checking defaults for OMX/cmex/m/n on input line 56.
LaTeX Font Info:    ... okay on input line 56.
LaTeX Font Info:    Checking defaults for U/cmr/m/n on input line 56.
LaTeX Font Info:    ... okay on input line 56.
LaTeX Font Info:    Checking defaults for TS1/cmr/m/n on input line 56.
LaTeX Font Info:    Try loading font information for TS1+cmr on input line 56.

(/usr/local/share/miktex-texmf/tex/latex/base/ts1cmr.fd
File: ts1cmr.fd 2014/09/29 v2.5h Standard LaTeX font definitions
)
LaTeX Font Info:    ... okay on input line 56.
LaTeX Font Info:    Checking defaults for PD1/pdf/m/n on input line 56.
LaTeX Font Info:    ... okay on input line 56.
LaTeX Font Info:    Checking defaults for PU/pdf/m/n on input line 56.
LaTeX Font Info:    ... okay on input line 56.
.................................................
. fontspec info: "setup-math"
. 
. Adjusting the maths setup (use [no-math] to avoid this).
.................................................
\symlegacymaths=\mathgroup6
LaTeX Font Info:    Overwriting symbol font `legacymaths' in version `bold'
(Font)                  OT1/cmr/m/n --> OT1/cmr/bx/n on input line 56.
LaTeX Font Info:    Redeclaring math accent \acute on input line 56.
LaTeX Font Info:    Redeclaring math accent \grave on input line 56.
LaTeX Font Info:    Redeclaring math accent \ddot on input line 56.
LaTeX Font Info:    Redeclaring math accent \tilde on input line 56.
LaTeX Font Info:    Redeclaring math accent \bar on input line 56.
LaTeX Font Info:    Redeclaring math accent \breve on input line 56.
LaTeX Font Info:    Redeclaring math accent \check on input line 56.
LaTeX Font Info:    Redeclaring math accent \hat on input line 56.
LaTeX Font Info:    Redeclaring math accent \dot on input line 56.
LaTeX Font Info:    Redeclaring math accent \mathring on input line 56.
LaTeX Font Info:    Redeclaring math symbol \Gamma on input line 56.
LaTeX Font Info:    Redeclaring math symbol \Delta on input line 56.
LaTeX Font Info:    Redeclaring math symbol \Theta on input line 56.
LaTeX Font Info:    Redeclaring math symbol \Lambda on input line 56.
LaTeX Font Info:    Redeclaring math symbol \Xi on input line 56.
LaTeX Font Info:    Redeclaring math symbol \Pi on input line 56.
LaTeX Font Info:    Redeclaring math symbol \Sigma on input line 56.
LaTeX Font Info:    Redeclaring math symbol \Upsilon on input line 56.
LaTeX Font Info:    Redeclaring math symbol \Phi on input line 56.
LaTeX Font Info:    Redeclaring math symbol \Psi on input line 56.
LaTeX Font Info:    Redeclaring math symbol \Omega on input line 56.
LaTeX Font Info:    Redeclaring math symbol \mathdollar on input line 56.
LaTeX Font Info:    Redeclaring symbol font `operators' on input line 56.
LaTeX Font Info:    Encoding `OT1' has changed to `TU' for symbol font
(Font)              `operators' in the math version `normal' on input line 56.
LaTeX Font Info:    Overwriting symbol font `operators' in version `normal'
(Font)                  OT1/cmr/m/n --> TU/lmr/m/n on input line 56.
LaTeX Font Info:    Encoding `OT1' has changed to `TU' for symbol font
(Font)              `operators' in the math version `bold' on input line 56.
LaTeX Font Info:    Overwriting symbol font `operators' in version `bold'
(Font)                  OT1/cmr/bx/n --> TU/lmr/m/n on input line 56.
LaTeX Font Info:    Overwriting symbol font `operators' in version `normal'
(Font)                  TU/lmr/m/n --> TU/lmr/m/n on input line 56.
LaTeX Font Info:    Overwriting math alphabet `\mathit' in version `normal'
(Font)                  OT1/cmr/m/it --> TU/lmr/m/it on input line 56.
LaTeX Font Info:    Overwriting math alphabet `\mathbf' in version `normal'
(Font)                  OT1/cmr/bx/n --> TU/lmr/bx/n on input line 56.
LaTeX Font Info:    Overwriting math alphabet `\mathsf' in version `normal'
(Font)                  OT1/cmss/m/n --> TU/lmss/m/n on input line 56.
LaTeX Font Info:    Overwriting math alphabet `\mathtt' in version `normal'
(Font)                  OT1/cmtt/m/n --> TU/lmtt/m/n on input line 56.
LaTeX Font Info:    Overwriting symbol font `operators' in version `bold'
(Font)                  TU/lmr/m/n --> TU/lmr/bx/n on input line 56.
LaTeX Font Info:    Overwriting math alphabet `\mathit' in version `bold'
(Font)                  OT1/cmr/bx/it --> TU/lmr/bx/it on input line 56.
LaTeX Font Info:    Overwriting math alphabet `\mathsf' in version `bold'
(Font)                  OT1/cmss/bx/n --> TU/lmss/bx/n on input line 56.
LaTeX Font Info:    Overwriting math alphabet `\mathtt' in version `bold'
(Font)                  OT1/cmtt/m/n --> TU/lmtt/bx/n on input line 56.

*geometry* detected driver: pdftex
*geometry* verbose mode - [ preamble ] result:
* driver: pdftex
* paper: letterpaper
* layout: <same size as paper>
* layoutoffset:(h,v)=(0.0pt,0.0pt)
* modes: twoside 
* h-part:(L,W,R)=(72.26999pt, 469.75502pt, 72.26999pt)
* v-part:(T,H,B)=(72.26999pt, 650.43001pt, 72.26999pt)
* \paperwidth=614.295pt
* \paperheight=794.96999pt
* \textwidth=469.75502pt
* \textheight=650.43001pt
* \oddsidemargin=0.0pt
* \evensidemargin=0.0pt
* \topmargin=-37.0pt
* \headheight=12.0pt
* \headsep=25.0pt
* \topskip=10.0pt
* \footskip=30.0pt
* \marginparwidth=36.135pt
* \marginparsep=11.0pt
* \columnsep=10.0pt
* \skip\footins=9.0pt plus 4.0pt minus 2.0pt
* \hoffset=0.0pt
* \voffset=0.0pt
* \mag=1000
* \@twocolumnfalse
* \@twosidetrue
* \@mparswitchtrue
* \@reversemarginfalse
* (1in=72.27pt=25.4mm, 1cm=28.453pt)

\AtBeginShipoutBox=\box79
Package hyperref Info: Link coloring ON on input line 56.
(/usr/local/share/miktex-texmf/tex/latex/hyperref/nameref.sty
Package: nameref 2016/05/21 v2.44 Cross-referencing by name of section

(/usr/local/share/miktex-texmf/tex/generic/oberdiek/gettitlestring.sty
Package: gettitlestring 2016/05/16 v1.5 Cleanup title references (HO)
)
\c@section@level=\count296
)
LaTeX Info: Redefining \ref on input line 56.
LaTeX Info: Redefining \pageref on input line 56.
LaTeX Info: Redefining \nameref on input line 56.

(MathematicalLogicinSoftwareDevelopment.out)
(MathematicalLogicinSoftwareDevelopment.out)
\@outlinefile=\write5
\openout5 = `MathematicalLogicinSoftwareDevelopment.out'.

Package hyperref Info: Option `pageanchor' set `false' on input line 59.
LaTeX Font Info:    Font shape `TU/lmss/bx/it' in size <10> not available
(Font)              Font shape `TU/lmss/bx/sl' tried instead on input line 59.
LaTeX Font Info:    Font shape `TU/lmss/bx/it' in size <17.28> not available
(Font)              Font shape `TU/lmss/bx/sl' tried instead on input line 59.
LaTeX Font Info:    Try loading font information for U+msa on input line 59.

(/usr/local/share/miktex-texmf/tex/latex/amsfonts/umsa.fd
File: umsa.fd 2013/01/14 v3.01 AMS symbols A
)
LaTeX Font Info:    Try loading font information for U+msb on input line 59.

(/usr/local/share/miktex-texmf/tex/latex/amsfonts/umsb.fd
File: umsb.fd 2013/01/14 v3.01 AMS symbols B
) [1

] [2

]
(MathematicalLogicinSoftwareDevelopment.toc [1

] [2] [3] [4])
\tf@toc=\write6
\openout6 = `MathematicalLogicinSoftwareDevelopment.toc'.

 [5] [6

]
Chapter 1.
[1

] [2]
Chapter 2.
[3

] [4]
LaTeX Font Info:    Font shape `TU/lmtt/bx/n' in size <9> not available
(Font)              Font shape `TU/lmtt/b/n' tried instead on input line 333.
 [5] [6]
Chapter 3.
[7

] [8

]
Chapter 4.
[9] [10]
Overfull \hbox (141.265pt too wide) in paragraph at lines 659--661
[]\TU/lmr/m/n/10 Recursive function definitions and implementations ===========
======================================+ 
 []

[11]
Overfull \hbox (37.55028pt too wide) in paragraph at lines 755--755
[] 
 []

[12] [13] [14

]
Chapter 5.
[15] [16] [17] [18] [19] [20] [21] [22] [23] [24] [25] [26]
Chapter 6.

Overfull \vbox (0.71594pt too high) detected at line 1799
 []

[27

] [28] [29] [30] [31] [32] [33] [34] [35] [36] [37] [38

]
Chapter 7.
[39] [40] [41] [42] [43] [44] [45] [46]
Chapter 8.
[47

]
Overfull \vbox (0.53293pt too high) detected at line 3164
 []

[48] [49]
LaTeX Font Info:    Font shape `TU/lmss/bx/it' in size <14.4> not available
(Font)              Font shape `TU/lmss/bx/sl' tried instead on input line 3243
.


Package hyperref Warning: Token not allowed in a PDF string (Unicode):
(hyperref)                removing `\sphinxstyleemphasis' on input line 3243.

[50] [51] [52] [53] [54] [55] [56] [57] [58] [59] [60] [61] [62] [63] [64]
[65] [66] [67] [68]
Chapter 9.
[69

] [70] [71] [72] [73] [74] [75] [76

]
Chapter 10.
[77] [78] [79] [80] [81] [82]
Chapter 11.
[83

] [84] [85] [86] [87] [88] [89] [90] [91] [92

]
Chapter 12.
[93] [94] [95] [96] [97] [98]
Chapter 13.
[99

] [100] [101] [102] [103] [104] [105] [106]
Chapter 14.
[107

] [108

]
Chapter 15.
[109] [110] [111]
Missing character: There is no ∧ in font [lmroman10-regular]:mapping=tex-text;!
Missing character: There is no ⊢ in font [lmroman10-regular]:mapping=tex-text;!
Missing character: There is no ∧ in font [lmroman10-regular]:mapping=tex-text;!
Missing character: There is no ⊢ in font [lmroman10-regular]:mapping=tex-text;!
Missing character: There is no ∧ in font [lmroman10-regular]:mapping=tex-text;!
Missing character: There is no ∧ in font [lmroman10-regular]:mapping=tex-text;!
Missing character: There is no ∧ in font [lmroman10-regular]:mapping=tex-text;!
Missing character: There is no ∧ in font [lmroman10-regular]:mapping=tex-text;!
Missing character: There is no ∧ in font [lmroman10-regular]:mapping=tex-text;!
Missing character: There is no ∧ in font [lmroman10-regular]:mapping=tex-text;!
Missing character: There is no ∧ in font [lmroman10-regular]:mapping=tex-text;!
 [112]
Missing character: There is no ∧ in font [lmmono9-regular]:!
Missing character: There is no ∧ in font [lmroman10-regular]:mapping=tex-text;!
Missing character: There is no ∧ in font [lmroman10-regular]:mapping=tex-text;!
 [113]
Missing character: There is no ℕ in font [lmroman10-regular]:mapping=tex-text;!
Missing character: There is no ℕ in font [lmroman10-regular]:mapping=tex-text;!
Missing character: There is no ℕ in font [lmroman10-regular]:mapping=tex-text;!
Missing character: There is no ℕ in font [lmroman10-regular]:mapping=tex-text;!
Missing character: There is no ℕ in font [lmroman10-regular]:mapping=tex-text;!
Missing character: There is no ℕ in font [lmroman10-regular]:mapping=tex-text;!
Missing character: There is no ℕ in font [lmroman10-regular]:mapping=tex-text;!
 [114]
Missing character: There is no ℕ in font [lmmono9-regular]:!
Missing character: There is no ℕ in font [lmmono9-regular]:!
Missing character: There is no ∧ in font [lmroman10-regular]:mapping=tex-text;!
Missing character: There is no ∧ in font [lmroman10-regular]:mapping=tex-text;!
Missing character: There is no ∧ in font [lmroman10-regular]:mapping=tex-text;!
Missing character: There is no ∧ in font [lmroman10-regular]:mapping=tex-text;!
Missing character: There is no ∧ in font [lmroman10-regular]:mapping=tex-text;!
Missing character: There is no ∧ in font [lmroman10-regular]:mapping=tex-text;!
Missing character: There is no ∧ in font [lmroman10-regular]:mapping=tex-text;!
Missing character: There is no ∧ in font [lmroman10-regular]:mapping=tex-text;!
Missing character: There is no ∧ in font [lmmono9-regular]:!
Missing character: There is no ∧ in font [lmmono9-regular]:!
 [115]
Missing character: There is no ∧ in font [lmroman10-regular]:mapping=tex-text;!
Missing character: There is no ∧ in font [lmroman10-regular]:mapping=tex-text;!
Missing character: There is no ∧ in font [lmmono9-regular]:!
Missing character: There is no ∧ in font [lmmono9-regular]:!
Missing character: There is no ∧ in font [lmmono9-regular]:!
Missing character: There is no ⊢ in font [lmroman10-regular]:mapping=tex-text;!
Missing character: There is no ∧ in font [lmmono9-regular]:!
Missing character: There is no ∧ in font [lmmono9-regular]:!
Missing character: There is no ∧ in font [lmmono9-regular]:!
Missing character: There is no ∧ in font [lmmono9-regular]:!
Missing character: There is no ∧ in font [lmmono9-regular]:!
Missing character: There is no ∧ in font [lmmono9-regular]:!
Missing character: There is no ∧ in font [lmmono9-regular]:!
Missing character: There is no ∧ in font [lmmono9-regular]:!
Missing character: There is no ∀ in font [lmmono9-regular]:!
 [116]
Missing character: There is no ∀ in font [lmmono9-regular]:!
Missing character: There is no ∨ in font [lmroman10-regular]:mapping=tex-text;!
Missing character: There is no ∨ in font [lmroman10-regular]:mapping=tex-text;!
Missing character: There is no ∨ in font [lmroman10-regular]:mapping=tex-text;!
Missing character: There is no ∨ in font [lmroman10-regular]:mapping=tex-text;!
Missing character: There is no ∨ in font [lmroman10-regular]:mapping=tex-text;!
Missing character: There is no ∨ in font [lmmono9-regular]:!
Missing character: There is no ∨ in font [lmmono9-regular]:!
 [117]
Missing character: There is no ∨ in font [lmroman10-regular]:mapping=tex-text;!
Missing character: There is no ∨ in font [lmmono9-regular]:!
Missing character: There is no ∨ in font [lmmono9-regular]:!
Missing character: There is no ∨ in font [lmmono9-regular]:!
Missing character: There is no ∨ in font [lmroman10-regular]:mapping=tex-text;!
Missing character: There is no ∨ in font [lmroman10-regular]:mapping=tex-text;!
 [118]
Missing character: There is no ∨ in font [lmroman10-regular]:mapping=tex-text;!
Missing character: There is no ∨ in font [lmroman10-regular]:mapping=tex-text;!
Missing character: There is no ∨ in font [lmroman10-regular]:mapping=tex-text;!
 [119]
Missing character: There is no ∨ in font [lmroman10-regular]:mapping=tex-text;!
Missing character: There is no ∀ in font [lmmono9-regular]:!
Missing character: There is no ∨ in font [lmmono9-regular]:!
Missing character: There is no ∧ in font [lmroman10-regular]:mapping=tex-text;!
Missing character: There is no ∀ in font [lmroman10-regular]:mapping=tex-text;!
Missing character: There is no ∧ in font [lmroman10-regular]:mapping=tex-text;!
Missing character: There is no ∀ in font [lmroman10-regular]:mapping=tex-text;!
Missing character: There is no ∧ in font [lmroman10-regular]:mapping=tex-text;!
Missing character: There is no ∧ in font [lmroman10-regular]:mapping=tex-text;!
Missing character: There is no ∧ in font [lmroman10-regular]:mapping=tex-text;!
Missing character: There is no ∧ in font [lmroman10-regular]:mapping=tex-text;!
Missing character: There is no ∧ in font [lmroman10-regular]:mapping=tex-text;!
Missing character: There is no ∧ in font [lmroman10-regular]:mapping=tex-text;!
Missing character: There is no ∧ in font [lmroman10-regular]:mapping=tex-text;!
Missing character: There is no ∧ in font [lmroman10-regular]:mapping=tex-text;!
Missing character: There is no ∀ in font [lmmono9-regular]:!
Missing character: There is no ∧ in font [lmmono9-regular]:!
Missing character: There is no ∧ in font [lmmono9-regular]:!
 [120]
Missing character: There is no ∀ in font [lmmono9-regular]:!
Missing character: There is no ∀ in font [lmmono9-regular]:!
Missing character: There is no ∧ in font [lmmono9-regular]:!
Missing character: There is no ∧ in font [lmmono9-regular]:!
Missing character: There is no ∀ in font [lmmono9-regular]:!

[121]
Missing character: There is no ↔ in font [lmroman10-regular]:mapping=tex-text;!
Missing character: There is no ∧ in font [lmroman10-regular]:mapping=tex-text;!
Missing character: There is no ↔ in font [lmroman10-regular]:mapping=tex-text;!
Missing character: There is no ↔ in font [lmroman10-regular]:mapping=tex-text;!
Missing character: There is no ↔ in font [lmroman10-regular]:mapping=tex-text;!
Missing character: There is no ↔ in font [lmroman10-regular]:mapping=tex-text;!
Missing character: There is no ↔ in font [lmroman10-regular]:mapping=tex-text;!
Missing character: There is no ∧ in font [lmroman10-regular]:mapping=tex-text;!
Missing character: There is no ↔ in font [lmroman10-regular]:mapping=tex-text;!
Missing character: There is no ↔ in font [lmmono9-regular]:!
Missing character: There is no ↔ in font [lmmono9-regular]:!
Missing character: There is no ∧ in font [lmroman10-regular]:mapping=tex-text;!
Missing character: There is no ↔ in font [lmroman10-regular]:mapping=tex-text;!
Missing character: There is no ∧ in font [lmroman10-regular]:mapping=tex-text;!
Missing character: There is no ∧ in font [lmmono9-regular]:!
Missing character: There is no ↔ in font [lmmono9-regular]:!
Missing character: There is no ∧ in font [lmmono9-regular]:!
Missing character: There is no ∧ in font [lmmono9-regular]:!
Missing character: There is no ∧ in font [lmmono9-regular]:!
 [122]
Missing character: There is no ∧ in font [lmmono9-regular]:!
 [123]
Missing character: There is no ∧ in font [lmroman10-regular]:mapping=tex-text;!
Missing character: There is no ∧ in font [lmroman10-regular]:mapping=tex-text;!
Missing character: There is no ∧ in font [lmroman10-regular]:mapping=tex-text;!
Missing character: There is no ∧ in font [lmmono9-regular]:!
Missing character: There is no ∧ in font [lmmono9-regular]:!
Missing character: There is no ∀ in font [lmmono9-regular]:!
Missing character: There is no ∀ in font [lmmono9-regular]:!
Missing character: There is no ℕ in font [lmmono9-regular]:!
Missing character: There is no ∃ in font [lmmono9-regular]:!
Missing character: There is no ℕ in font [lmmono9-regular]:!
Missing character: There is no ∀ in font [lmmono9-regular]:!
Missing character: There is no ℕ in font [lmmono9-regular]:!
Missing character: There is no ∀ in font [lmroman10-regular]:mapping=tex-text;!
Missing character: There is no ℕ in font [lmroman10-regular]:mapping=tex-text;!
Missing character: There is no ∃ in font [lmroman10-regular]:mapping=tex-text;!
Missing character: There is no ℕ in font [lmroman10-regular]:mapping=tex-text;!
 [124] [125]
Missing character: There is no ∀ in font [lmmono9-regular]:!
Missing character: There is no ∀ in font [lmmono9-regular]:!
Missing character: There is no ℕ in font [lmmono9-regular]:!
Missing character: There is no ∃ in font [lmmono9-regular]:!
Missing character: There is no ℕ in font [lmmono9-regular]:!
Missing character: There is no ∀ in font [lmmono9-regular]:!
Missing character: There is no ℕ in font [lmmono9-regular]:!
Missing character: There is no ∀ in font [lmmono9-regular]:!
Missing character: There is no ℕ in font [lmmono9-regular]:!
Missing character: There is no ∃ in font [lmmono9-regular]:!
Missing character: There is no ℕ in font [lmmono9-regular]:!
 [126]
Missing character: There is no ℕ in font [lmmono9-regular]:!
Missing character: There is no ℕ in font [lmroman10-regular]:mapping=tex-text;!
Missing character: There is no ℕ in font [lmmono9-regular]:!
Missing character: There is no ℕ in font [lmroman10-regular]:mapping=tex-text;!
 [127]
Missing character: There is no ∀ in font [lmroman10-regular]:mapping=tex-text;!
Missing character: There is no ∀ in font [lmroman10-regular]:mapping=tex-text;!
Missing character: There is no ∀ in font [lmroman10-regular]:mapping=tex-text;!
Missing character: There is no ∧ in font [lmroman10-regular]:mapping=tex-text;!
Missing character: There is no ∧ in font [lmroman10-regular]:mapping=tex-text;!
Missing character: There is no ∀ in font [lmroman10-regular]:mapping=tex-text;!
Missing character: There is no ∀ in font [lmmono9-regular]:!
Missing character: There is no ∧ in font [lmmono9-regular]:!
Missing character: There is no ∧ in font [lmmono9-regular]:!
Missing character: There is no ∀ in font [lmroman10-regular]:mapping=tex-text;!
Missing character: There is no ∧ in font [lmmono9-regular]:!
Missing character: There is no ∧ in font [lmmono9-regular]:!
Missing character: There is no ∀ in font [lmroman10-regular]:mapping=tex-text;!
Missing character: There is no ∧ in font [lmroman10-regular]:mapping=tex-text;!
Missing character: There is no ∧ in font [lmroman10-regular]:mapping=tex-text;!
Missing character: There is no ∧ in font [lmmono9-regular]:!
Missing character: There is no ∧ in font [lmmono9-regular]:!
Missing character: There is no ∧ in font [lmmono9-regular]:!
 [128]
Missing character: There is no ∀ in font [lmroman10-regular]:mapping=tex-text;!
Missing character: There is no ∨ in font [lmroman10-regular]:mapping=tex-text;!
Missing character: There is no ∨ in font [lmroman10-regular]:mapping=tex-text;!
Missing character: There is no ∨ in font [lmroman10-regular]:mapping=tex-text;!
 [129]
Missing character: There is no ↔ in font [lmroman10-regular]:mapping=tex-text;!
Missing character: There is no ↔ in font [lmroman10-regular]:mapping=tex-text;!
Missing character: There is no ∧ in font [lmroman10-regular]:mapping=tex-text;!
Missing character: There is no ↔ in font [lmroman10-regular]:mapping=tex-text;!
Missing character: There is no ℕ in font [lmmono9-regular]:!
Missing character: There is no ℕ in font [lmmono9-regular]:!
Missing character: There is no ℕ in font [lmmono9-regular]:!
Missing character: There is no ℕ in font [lmmono9-regular]:!
 [130]
Missing character: There is no ∧ in font [lmroman10-regular]:mapping=tex-text;!
Missing character: There is no ∧ in font [lmroman10-regular]:mapping=tex-text;!
Missing character: There is no ∧ in font [lmroman10-regular]:mapping=tex-text;!
Missing character: There is no ∧ in font [lmroman10-regular]:mapping=tex-text;!
Missing character: There is no ∧ in font [lmroman10-regular]:mapping=tex-text;!
Missing character: There is no ∧ in font [lmroman10-regular]:mapping=tex-text;!
Missing character: There is no ∧ in font [lmroman10-regular]:mapping=tex-text;!
Missing character: There is no ∧ in font [lmmono9-regular]:!
Missing character: There is no ∧ in font [lmmono9-regular]:!
Missing character: There is no ∧ in font [lmmono9-regular]:!
Missing character: There is no ∧ in font [lmmono9-regular]:!
Missing character: There is no ∀ in font [lmroman10-regular]:mapping=tex-text;!
Missing character: There is no ∀ in font [lmmono9-regular]:!
Missing character: There is no ∧ in font [lmmono9-regular]:!
Missing character: There is no ∧ in font [lmmono9-regular]:!
Missing character: There is no ∧ in font [lmroman10-regular]:mapping=tex-text;!
Missing character: There is no ∧ in font [lmroman10-regular]:mapping=tex-text;!
Missing character: There is no ∧ in font [lmroman10-regular]:mapping=tex-text;!
Missing character: There is no ∧ in font [lmroman10-regular]:mapping=tex-text;!
Missing character: There is no ∧ in font [lmmono9-regular]:!
Missing character: There is no ∧ in font [lmmono9-regular]:!
Missing character: There is no ∨ in font [lmroman10-regular]:mapping=tex-text;!
Missing character: There is no ∨ in font [lmroman10-regular]:mapping=tex-text;!
Missing character: There is no ∨ in font [lmmono9-regular]:!
 [131] [132

]
Chapter 16.
Missing character: There is no ∀ in font [lmroman10-bold]:mapping=tex-text;!
Missing character: There is no ∀ in font [lmroman10-regular]:mapping=tex-text;!
Missing character: There is no ∀ in font [lmroman10-bold]:mapping=tex-text;!
Missing character: There is no ∀ in font [lmroman10-regular]:mapping=tex-text;!
[133]
Missing character: There is no ⊢ in font [lmroman10-regular]:mapping=tex-text;!
Missing character: There is no ∀ in font [lmroman10-bold]:mapping=tex-text;!
Missing character: There is no ∀ in font [lmroman10-bold]:mapping=tex-text;!
Missing character: There is no ∀ in font [lmroman10-bold]:mapping=tex-text;!
Missing character: There is no ∀ in font [lmroman10-bold]:mapping=tex-text;!
Missing character: There is no ∧ in font [lmroman10-regular]:mapping=tex-text;!
Missing character: There is no ∧ in font [lmroman10-regular]:mapping=tex-text;!
Missing character: There is no ∀ in font [lmroman10-bold]:mapping=tex-text;!
Missing character: There is no ∀ in font [lmroman10-bold]:mapping=tex-text;!
Missing character: There is no ∀ in font [lmroman10-bold]:mapping=tex-text;!
Missing character: There is no ∀ in font [lmroman10-regular]:mapping=tex-text;!
 [134]
Chapter 17.
[135

] [136

]
Chapter 18.
[137] [138

]
Chapter 19.
[139] [140

]
Chapter 20.
[141] [142

]
Chapter 21.
(MathematicalLogicinSoftwareDevelopment.ind)
Package atveryend Info: Empty hook `BeforeClearDocument' on input line 9313.
 [143]
Package atveryend Info: Empty hook `AfterLastShipout' on input line 9313.

(MathematicalLogicinSoftwareDevelopment.aux)
Package atveryend Info: Empty hook `AtVeryEndDocument' on input line 9313.
Package atveryend Info: Empty hook `AtEndAfterFileList' on input line 9313.
 ) 
Here is how much of TeX's memory you used:
 23428 strings out of 429732
 424128 string characters out of 3180856
 630219 words of memory out of 3000000
 27023 multiletter control sequences out of 15000+200000
 538732 words of font info for 81 fonts, out of 3000000 for 9000
 15 hyphenation exceptions out of 8191
 36i,23n,67p,10416b,469s stack positions out of 5000i,500n,10000p,200000b,50000s

Output written on MathematicalLogicinSoftwareDevelopment.pdf (151 pages).
